Linked: (/home/vincent/cnn_seg_lidar/devel/.private/rockauto_msgs/share/roseus/ros/rockauto_msgs/manifest.l, /home/vincent/cnn_seg_lidar/devel/share/roseus/ros/rockauto_msgs/manifest.l)
Linked: (/home/vincent/cnn_seg_lidar/devel/.private/rockauto_msgs/share/roseus/ros/rockauto_msgs/msg/SyncTimeDiff.l, /home/vincent/cnn_seg_lidar/devel/share/roseus/ros/rockauto_msgs/msg/SyncTimeDiff.l)
Linked: (/home/vincent/cnn_seg_lidar/devel/.private/rockauto_msgs/share/roseus/ros/rockauto_msgs/msg/TrafficLightResultArray.l, /home/vincent/cnn_seg_lidar/devel/share/roseus/ros/rockauto_msgs/msg/TrafficLightResultArray.l)
Linked: (/home/vincent/cnn_seg_lidar/devel/.private/rockauto_msgs/share/roseus/ros/rockauto_msgs/msg/ControlCommand.l, /home/vincent/cnn_seg_lidar/devel/share/roseus/ros/rockauto_msgs/msg/ControlCommand.l)
Linked: (/home/vincent/cnn_seg_lidar/devel/.private/rockauto_msgs/share/roseus/ros/rockauto_msgs/msg/DetectedObjectArray.l, /home/vincent/cnn_seg_lidar/devel/share/roseus/ros/rockauto_msgs/msg/DetectedObjectArray.l)
Linked: (/home/vincent/cnn_seg_lidar/devel/.private/rockauto_msgs/share/roseus/ros/rockauto_msgs/msg/ImageObjects.l, /home/vincent/cnn_seg_lidar/devel/share/roseus/ros/rockauto_msgs/msg/ImageObjects.l)
Linked: (/home/vincent/cnn_seg_lidar/devel/.private/rockauto_msgs/share/roseus/ros/rockauto_msgs/msg/SyncTimeMonitor.l, /home/vincent/cnn_seg_lidar/devel/share/roseus/ros/rockauto_msgs/msg/SyncTimeMonitor.l)
Linked: (/home/vincent/cnn_seg_lidar/devel/.private/rockauto_msgs/share/roseus/ros/rockauto_msgs/msg/RemoteCmd.l, /home/vincent/cnn_seg_lidar/devel/share/roseus/ros/rockauto_msgs/msg/RemoteCmd.l)
Linked: (/home/vincent/cnn_seg_lidar/devel/.private/rockauto_msgs/share/roseus/ros/rockauto_msgs/msg/IndicatorCmd.l, /home/vincent/cnn_seg_lidar/devel/share/roseus/ros/rockauto_msgs/msg/IndicatorCmd.l)
Linked: (/home/vincent/cnn_seg_lidar/devel/.private/rockauto_msgs/share/roseus/ros/rockauto_msgs/msg/GeometricRectangle.l, /home/vincent/cnn_seg_lidar/devel/share/roseus/ros/rockauto_msgs/msg/GeometricRectangle.l)
Linked: (/home/vincent/cnn_seg_lidar/devel/.private/rockauto_msgs/share/roseus/ros/rockauto_msgs/msg/BrakeCmd.l, /home/vincent/cnn_seg_lidar/devel/share/roseus/ros/rockauto_msgs/msg/BrakeCmd.l)
Linked: (/home/vincent/cnn_seg_lidar/devel/.private/rockauto_msgs/share/roseus/ros/rockauto_msgs/msg/ImageRectRanged.l, /home/vincent/cnn_seg_lidar/devel/share/roseus/ros/rockauto_msgs/msg/ImageRectRanged.l)
Linked: (/home/vincent/cnn_seg_lidar/devel/.private/rockauto_msgs/share/roseus/ros/rockauto_msgs/msg/PointsImage.l, /home/vincent/cnn_seg_lidar/devel/share/roseus/ros/rockauto_msgs/msg/PointsImage.l)
Linked: (/home/vincent/cnn_seg_lidar/devel/.private/rockauto_msgs/share/roseus/ros/rockauto_msgs/msg/VscanTracked.l, /home/vincent/cnn_seg_lidar/devel/share/roseus/ros/rockauto_msgs/msg/VscanTracked.l)
Linked: (/home/vincent/cnn_seg_lidar/devel/.private/rockauto_msgs/share/roseus/ros/rockauto_msgs/msg/CloudCluster.l, /home/vincent/cnn_seg_lidar/devel/share/roseus/ros/rockauto_msgs/msg/CloudCluster.l)
Linked: (/home/vincent/cnn_seg_lidar/devel/.private/rockauto_msgs/share/roseus/ros/rockauto_msgs/msg/WaypointState.l, /home/vincent/cnn_seg_lidar/devel/share/roseus/ros/rockauto_msgs/msg/WaypointState.l)
Linked: (/home/vincent/cnn_seg_lidar/devel/.private/rockauto_msgs/share/roseus/ros/rockauto_msgs/msg/LaneArray.l, /home/vincent/cnn_seg_lidar/devel/share/roseus/ros/rockauto_msgs/msg/LaneArray.l)
Linked: (/home/vincent/cnn_seg_lidar/devel/.private/rockauto_msgs/share/roseus/ros/rockauto_msgs/msg/ObjLabel.l, /home/vincent/cnn_seg_lidar/devel/share/roseus/ros/rockauto_msgs/msg/ObjLabel.l)
Linked: (/home/vincent/cnn_seg_lidar/devel/.private/rockauto_msgs/share/roseus/ros/rockauto_msgs/msg/ValueSet.l, /home/vincent/cnn_seg_lidar/devel/share/roseus/ros/rockauto_msgs/msg/ValueSet.l)
Linked: (/home/vincent/cnn_seg_lidar/devel/.private/rockauto_msgs/share/roseus/ros/rockauto_msgs/msg/VehicleStatus.l, /home/vincent/cnn_seg_lidar/devel/share/roseus/ros/rockauto_msgs/msg/VehicleStatus.l)
Linked: (/home/vincent/cnn_seg_lidar/devel/.private/rockauto_msgs/share/roseus/ros/rockauto_msgs/msg/AdjustXY.l, /home/vincent/cnn_seg_lidar/devel/share/roseus/ros/rockauto_msgs/msg/AdjustXY.l)
Linked: (/home/vincent/cnn_seg_lidar/devel/.private/rockauto_msgs/share/roseus/ros/rockauto_msgs/msg/TrafficLightResult.l, /home/vincent/cnn_seg_lidar/devel/share/roseus/ros/rockauto_msgs/msg/TrafficLightResult.l)
Linked: (/home/vincent/cnn_seg_lidar/devel/.private/rockauto_msgs/share/roseus/ros/rockauto_msgs/msg/ImageObjRanged.l, /home/vincent/cnn_seg_lidar/devel/share/roseus/ros/rockauto_msgs/msg/ImageObjRanged.l)
Linked: (/home/vincent/cnn_seg_lidar/devel/.private/rockauto_msgs/share/roseus/ros/rockauto_msgs/msg/VehicleCmd.l, /home/vincent/cnn_seg_lidar/devel/share/roseus/ros/rockauto_msgs/msg/VehicleCmd.l)
Linked: (/home/vincent/cnn_seg_lidar/devel/.private/rockauto_msgs/share/roseus/ros/rockauto_msgs/msg/StateCmd.l, /home/vincent/cnn_seg_lidar/devel/share/roseus/ros/rockauto_msgs/msg/StateCmd.l)
Linked: (/home/vincent/cnn_seg_lidar/devel/.private/rockauto_msgs/share/roseus/ros/rockauto_msgs/msg/Centroids.l, /home/vincent/cnn_seg_lidar/devel/share/roseus/ros/rockauto_msgs/msg/Centroids.l)
Linked: (/home/vincent/cnn_seg_lidar/devel/.private/rockauto_msgs/share/roseus/ros/rockauto_msgs/msg/DetectedObject.l, /home/vincent/cnn_seg_lidar/devel/share/roseus/ros/rockauto_msgs/msg/DetectedObject.l)
Linked: (/home/vincent/cnn_seg_lidar/devel/.private/rockauto_msgs/share/roseus/ros/rockauto_msgs/msg/Signals.l, /home/vincent/cnn_seg_lidar/devel/share/roseus/ros/rockauto_msgs/msg/Signals.l)
Linked: (/home/vincent/cnn_seg_lidar/devel/.private/rockauto_msgs/share/roseus/ros/rockauto_msgs/msg/LampCmd.l, /home/vincent/cnn_seg_lidar/devel/share/roseus/ros/rockauto_msgs/msg/LampCmd.l)
Linked: (/home/vincent/cnn_seg_lidar/devel/.private/rockauto_msgs/share/roseus/ros/rockauto_msgs/msg/CloudClusterArray.l, /home/vincent/cnn_seg_lidar/devel/share/roseus/ros/rockauto_msgs/msg/CloudClusterArray.l)
Linked: (/home/vincent/cnn_seg_lidar/devel/.private/rockauto_msgs/share/roseus/ros/rockauto_msgs/msg/AccelCmd.l, /home/vincent/cnn_seg_lidar/devel/share/roseus/ros/rockauto_msgs/msg/AccelCmd.l)
Linked: (/home/vincent/cnn_seg_lidar/devel/.private/rockauto_msgs/share/roseus/ros/rockauto_msgs/msg/ProjectionMatrix.l, /home/vincent/cnn_seg_lidar/devel/share/roseus/ros/rockauto_msgs/msg/ProjectionMatrix.l)
Linked: (/home/vincent/cnn_seg_lidar/devel/.private/rockauto_msgs/share/roseus/ros/rockauto_msgs/msg/DTLane.l, /home/vincent/cnn_seg_lidar/devel/share/roseus/ros/rockauto_msgs/msg/DTLane.l)
Linked: (/home/vincent/cnn_seg_lidar/devel/.private/rockauto_msgs/share/roseus/ros/rockauto_msgs/msg/TrafficLight.l, /home/vincent/cnn_seg_lidar/devel/share/roseus/ros/rockauto_msgs/msg/TrafficLight.l)
Linked: (/home/vincent/cnn_seg_lidar/devel/.private/rockauto_msgs/share/roseus/ros/rockauto_msgs/msg/ImageObjTracked.l, /home/vincent/cnn_seg_lidar/devel/share/roseus/ros/rockauto_msgs/msg/ImageObjTracked.l)
Linked: (/home/vincent/cnn_seg_lidar/devel/.private/rockauto_msgs/share/roseus/ros/rockauto_msgs/msg/ExtractedPosition.l, /home/vincent/cnn_seg_lidar/devel/share/roseus/ros/rockauto_msgs/msg/ExtractedPosition.l)
Linked: (/home/vincent/cnn_seg_lidar/devel/.private/rockauto_msgs/share/roseus/ros/rockauto_msgs/msg/VscanTrackedArray.l, /home/vincent/cnn_seg_lidar/devel/share/roseus/ros/rockauto_msgs/msg/VscanTrackedArray.l)
Linked: (/home/vincent/cnn_seg_lidar/devel/.private/rockauto_msgs/share/roseus/ros/rockauto_msgs/msg/ImageLaneObjects.l, /home/vincent/cnn_seg_lidar/devel/share/roseus/ros/rockauto_msgs/msg/ImageLaneObjects.l)
Linked: (/home/vincent/cnn_seg_lidar/devel/.private/rockauto_msgs/share/roseus/ros/rockauto_msgs/msg/Waypoint.l, /home/vincent/cnn_seg_lidar/devel/share/roseus/ros/rockauto_msgs/msg/Waypoint.l)
Linked: (/home/vincent/cnn_seg_lidar/devel/.private/rockauto_msgs/share/roseus/ros/rockauto_msgs/msg/ImageRect.l, /home/vincent/cnn_seg_lidar/devel/share/roseus/ros/rockauto_msgs/msg/ImageRect.l)
Linked: (/home/vincent/cnn_seg_lidar/devel/.private/rockauto_msgs/share/roseus/ros/rockauto_msgs/msg/ScanImage.l, /home/vincent/cnn_seg_lidar/devel/share/roseus/ros/rockauto_msgs/msg/ScanImage.l)
Linked: (/home/vincent/cnn_seg_lidar/devel/.private/rockauto_msgs/share/roseus/ros/rockauto_msgs/msg/State.l, /home/vincent/cnn_seg_lidar/devel/share/roseus/ros/rockauto_msgs/msg/State.l)
Linked: (/home/vincent/cnn_seg_lidar/devel/.private/rockauto_msgs/share/roseus/ros/rockauto_msgs/msg/NDTStat.l, /home/vincent/cnn_seg_lidar/devel/share/roseus/ros/rockauto_msgs/msg/NDTStat.l)
Linked: (/home/vincent/cnn_seg_lidar/devel/.private/rockauto_msgs/share/roseus/ros/rockauto_msgs/msg/TunedResult.l, /home/vincent/cnn_seg_lidar/devel/share/roseus/ros/rockauto_msgs/msg/TunedResult.l)
Linked: (/home/vincent/cnn_seg_lidar/devel/.private/rockauto_msgs/share/roseus/ros/rockauto_msgs/msg/SteerCmd.l, /home/vincent/cnn_seg_lidar/devel/share/roseus/ros/rockauto_msgs/msg/SteerCmd.l)
Linked: (/home/vincent/cnn_seg_lidar/devel/.private/rockauto_msgs/share/roseus/ros/rockauto_msgs/msg/ObjPose.l, /home/vincent/cnn_seg_lidar/devel/share/roseus/ros/rockauto_msgs/msg/ObjPose.l)
Linked: (/home/vincent/cnn_seg_lidar/devel/.private/rockauto_msgs/share/roseus/ros/rockauto_msgs/msg/ICPStat.l, /home/vincent/cnn_seg_lidar/devel/share/roseus/ros/rockauto_msgs/msg/ICPStat.l)
Linked: (/home/vincent/cnn_seg_lidar/devel/.private/rockauto_msgs/share/roseus/ros/rockauto_msgs/msg/ControlCommandStamped.l, /home/vincent/cnn_seg_lidar/devel/share/roseus/ros/rockauto_msgs/msg/ControlCommandStamped.l)
Linked: (/home/vincent/cnn_seg_lidar/devel/.private/rockauto_msgs/share/roseus/ros/rockauto_msgs/msg/ImageObj.l, /home/vincent/cnn_seg_lidar/devel/share/roseus/ros/rockauto_msgs/msg/ImageObj.l)
Linked: (/home/vincent/cnn_seg_lidar/devel/.private/rockauto_msgs/share/roseus/ros/rockauto_msgs/msg/ColorSet.l, /home/vincent/cnn_seg_lidar/devel/share/roseus/ros/rockauto_msgs/msg/ColorSet.l)
Linked: (/home/vincent/cnn_seg_lidar/devel/.private/rockauto_msgs/share/roseus/ros/rockauto_msgs/msg/Lane.l, /home/vincent/cnn_seg_lidar/devel/share/roseus/ros/rockauto_msgs/msg/Lane.l)
Linked: (/home/vincent/cnn_seg_lidar/devel/.private/rockauto_msgs/share/common-lisp/ros/rockauto_msgs/msg/ColorSet.lisp, /home/vincent/cnn_seg_lidar/devel/share/common-lisp/ros/rockauto_msgs/msg/ColorSet.lisp)
Linked: (/home/vincent/cnn_seg_lidar/devel/.private/rockauto_msgs/share/common-lisp/ros/rockauto_msgs/msg/_package_CloudClusterArray.lisp, /home/vincent/cnn_seg_lidar/devel/share/common-lisp/ros/rockauto_msgs/msg/_package_CloudClusterArray.lisp)
Linked: (/home/vincent/cnn_seg_lidar/devel/.private/rockauto_msgs/share/common-lisp/ros/rockauto_msgs/msg/_package_ImageLaneObjects.lisp, /home/vincent/cnn_seg_lidar/devel/share/common-lisp/ros/rockauto_msgs/msg/_package_ImageLaneObjects.lisp)
Linked: (/home/vincent/cnn_seg_lidar/devel/.private/rockauto_msgs/share/common-lisp/ros/rockauto_msgs/msg/LaneArray.lisp, /home/vincent/cnn_seg_lidar/devel/share/common-lisp/ros/rockauto_msgs/msg/LaneArray.lisp)
Linked: (/home/vincent/cnn_seg_lidar/devel/.private/rockauto_msgs/share/common-lisp/ros/rockauto_msgs/msg/ProjectionMatrix.lisp, /home/vincent/cnn_seg_lidar/devel/share/common-lisp/ros/rockauto_msgs/msg/ProjectionMatrix.lisp)
Linked: (/home/vincent/cnn_seg_lidar/devel/.private/rockauto_msgs/share/common-lisp/ros/rockauto_msgs/msg/_package_StateCmd.lisp, /home/vincent/cnn_seg_lidar/devel/share/common-lisp/ros/rockauto_msgs/msg/_package_StateCmd.lisp)
Linked: (/home/vincent/cnn_seg_lidar/devel/.private/rockauto_msgs/share/common-lisp/ros/rockauto_msgs/msg/SyncTimeDiff.lisp, /home/vincent/cnn_seg_lidar/devel/share/common-lisp/ros/rockauto_msgs/msg/SyncTimeDiff.lisp)
Linked: (/home/vincent/cnn_seg_lidar/devel/.private/rockauto_msgs/share/common-lisp/ros/rockauto_msgs/msg/_package_SyncTimeMonitor.lisp, /home/vincent/cnn_seg_lidar/devel/share/common-lisp/ros/rockauto_msgs/msg/_package_SyncTimeMonitor.lisp)
Linked: (/home/vincent/cnn_seg_lidar/devel/.private/rockauto_msgs/share/common-lisp/ros/rockauto_msgs/msg/BrakeCmd.lisp, /home/vincent/cnn_seg_lidar/devel/share/common-lisp/ros/rockauto_msgs/msg/BrakeCmd.lisp)
Linked: (/home/vincent/cnn_seg_lidar/devel/.private/rockauto_msgs/share/common-lisp/ros/rockauto_msgs/msg/AccelCmd.lisp, /home/vincent/cnn_seg_lidar/devel/share/common-lisp/ros/rockauto_msgs/msg/AccelCmd.lisp)
Linked: (/home/vincent/cnn_seg_lidar/devel/.private/rockauto_msgs/share/common-lisp/ros/rockauto_msgs/msg/WaypointState.lisp, /home/vincent/cnn_seg_lidar/devel/share/common-lisp/ros/rockauto_msgs/msg/WaypointState.lisp)
Linked: (/home/vincent/cnn_seg_lidar/devel/.private/rockauto_msgs/share/common-lisp/ros/rockauto_msgs/msg/AdjustXY.lisp, /home/vincent/cnn_seg_lidar/devel/share/common-lisp/ros/rockauto_msgs/msg/AdjustXY.lisp)
Linked: (/home/vincent/cnn_seg_lidar/devel/.private/rockauto_msgs/share/common-lisp/ros/rockauto_msgs/msg/_package_State.lisp, /home/vincent/cnn_seg_lidar/devel/share/common-lisp/ros/rockauto_msgs/msg/_package_State.lisp)
Linked: (/home/vincent/cnn_seg_lidar/devel/.private/rockauto_msgs/share/common-lisp/ros/rockauto_msgs/msg/_package_TrafficLightResultArray.lisp, /home/vincent/cnn_seg_lidar/devel/share/common-lisp/ros/rockauto_msgs/msg/_package_TrafficLightResultArray.lisp)
Linked: (/home/vincent/cnn_seg_lidar/devel/.private/rockauto_msgs/share/common-lisp/ros/rockauto_msgs/msg/_package_SteerCmd.lisp, /home/vincent/cnn_seg_lidar/devel/share/common-lisp/ros/rockauto_msgs/msg/_package_SteerCmd.lisp)
Linked: (/home/vincent/cnn_seg_lidar/devel/.private/rockauto_msgs/share/common-lisp/ros/rockauto_msgs/msg/ExtractedPosition.lisp, /home/vincent/cnn_seg_lidar/devel/share/common-lisp/ros/rockauto_msgs/msg/ExtractedPosition.lisp)
Linked: (/home/vincent/cnn_seg_lidar/devel/.private/rockauto_msgs/share/common-lisp/ros/rockauto_msgs/msg/ImageObj.lisp, /home/vincent/cnn_seg_lidar/devel/share/common-lisp/ros/rockauto_msgs/msg/ImageObj.lisp)
Linked: (/home/vincent/cnn_seg_lidar/devel/.private/rockauto_msgs/share/common-lisp/ros/rockauto_msgs/msg/GeometricRectangle.lisp, /home/vincent/cnn_seg_lidar/devel/share/common-lisp/ros/rockauto_msgs/msg/GeometricRectangle.lisp)
Linked: (/home/vincent/cnn_seg_lidar/devel/.private/rockauto_msgs/share/common-lisp/ros/rockauto_msgs/msg/_package_WaypointState.lisp, /home/vincent/cnn_seg_lidar/devel/share/common-lisp/ros/rockauto_msgs/msg/_package_WaypointState.lisp)
Linked: (/home/vincent/cnn_seg_lidar/devel/.private/rockauto_msgs/share/common-lisp/ros/rockauto_msgs/msg/VehicleStatus.lisp, /home/vincent/cnn_seg_lidar/devel/share/common-lisp/ros/rockauto_msgs/msg/VehicleStatus.lisp)
Linked: (/home/vincent/cnn_seg_lidar/devel/.private/rockauto_msgs/share/common-lisp/ros/rockauto_msgs/msg/ICPStat.lisp, /home/vincent/cnn_seg_lidar/devel/share/common-lisp/ros/rockauto_msgs/msg/ICPStat.lisp)
Linked: (/home/vincent/cnn_seg_lidar/devel/.private/rockauto_msgs/share/common-lisp/ros/rockauto_msgs/msg/SyncTimeMonitor.lisp, /home/vincent/cnn_seg_lidar/devel/share/common-lisp/ros/rockauto_msgs/msg/SyncTimeMonitor.lisp)
Linked: (/home/vincent/cnn_seg_lidar/devel/.private/rockauto_msgs/share/common-lisp/ros/rockauto_msgs/msg/ImageRect.lisp, /home/vincent/cnn_seg_lidar/devel/share/common-lisp/ros/rockauto_msgs/msg/ImageRect.lisp)
Linked: (/home/vincent/cnn_seg_lidar/devel/.private/rockauto_msgs/share/common-lisp/ros/rockauto_msgs/msg/_package_DetectedObject.lisp, /home/vincent/cnn_seg_lidar/devel/share/common-lisp/ros/rockauto_msgs/msg/_package_DetectedObject.lisp)
Linked: (/home/vincent/cnn_seg_lidar/devel/.private/rockauto_msgs/share/common-lisp/ros/rockauto_msgs/msg/VehicleCmd.lisp, /home/vincent/cnn_seg_lidar/devel/share/common-lisp/ros/rockauto_msgs/msg/VehicleCmd.lisp)
Linked: (/home/vincent/cnn_seg_lidar/devel/.private/rockauto_msgs/share/common-lisp/ros/rockauto_msgs/msg/DetectedObject.lisp, /home/vincent/cnn_seg_lidar/devel/share/common-lisp/ros/rockauto_msgs/msg/DetectedObject.lisp)
Linked: (/home/vincent/cnn_seg_lidar/devel/.private/rockauto_msgs/share/common-lisp/ros/rockauto_msgs/msg/_package_VscanTracked.lisp, /home/vincent/cnn_seg_lidar/devel/share/common-lisp/ros/rockauto_msgs/msg/_package_VscanTracked.lisp)
Linked: (/home/vincent/cnn_seg_lidar/devel/.private/rockauto_msgs/share/common-lisp/ros/rockauto_msgs/msg/State.lisp, /home/vincent/cnn_seg_lidar/devel/share/common-lisp/ros/rockauto_msgs/msg/State.lisp)
Linked: (/home/vincent/cnn_seg_lidar/devel/.private/rockauto_msgs/share/common-lisp/ros/rockauto_msgs/msg/CloudCluster.lisp, /home/vincent/cnn_seg_lidar/devel/share/common-lisp/ros/rockauto_msgs/msg/CloudCluster.lisp)
Linked: (/home/vincent/cnn_seg_lidar/devel/.private/rockauto_msgs/share/common-lisp/ros/rockauto_msgs/msg/ImageObjects.lisp, /home/vincent/cnn_seg_lidar/devel/share/common-lisp/ros/rockauto_msgs/msg/ImageObjects.lisp)
Linked: (/home/vincent/cnn_seg_lidar/devel/.private/rockauto_msgs/share/common-lisp/ros/rockauto_msgs/msg/ImageRectRanged.lisp, /home/vincent/cnn_seg_lidar/devel/share/common-lisp/ros/rockauto_msgs/msg/ImageRectRanged.lisp)
Linked: (/home/vincent/cnn_seg_lidar/devel/.private/rockauto_msgs/share/common-lisp/ros/rockauto_msgs/msg/VscanTracked.lisp, /home/vincent/cnn_seg_lidar/devel/share/common-lisp/ros/rockauto_msgs/msg/VscanTracked.lisp)
Linked: (/home/vincent/cnn_seg_lidar/devel/.private/rockauto_msgs/share/common-lisp/ros/rockauto_msgs/msg/_package_TunedResult.lisp, /home/vincent/cnn_seg_lidar/devel/share/common-lisp/ros/rockauto_msgs/msg/_package_TunedResult.lisp)
Linked: (/home/vincent/cnn_seg_lidar/devel/.private/rockauto_msgs/share/common-lisp/ros/rockauto_msgs/msg/_package_ProjectionMatrix.lisp, /home/vincent/cnn_seg_lidar/devel/share/common-lisp/ros/rockauto_msgs/msg/_package_ProjectionMatrix.lisp)
Linked: (/home/vincent/cnn_seg_lidar/devel/.private/rockauto_msgs/share/common-lisp/ros/rockauto_msgs/msg/TrafficLightResultArray.lisp, /home/vincent/cnn_seg_lidar/devel/share/common-lisp/ros/rockauto_msgs/msg/TrafficLightResultArray.lisp)
Linked: (/home/vincent/cnn_seg_lidar/devel/.private/rockauto_msgs/share/common-lisp/ros/rockauto_msgs/msg/_package_NDTStat.lisp, /home/vincent/cnn_seg_lidar/devel/share/common-lisp/ros/rockauto_msgs/msg/_package_NDTStat.lisp)
Linked: (/home/vincent/cnn_seg_lidar/devel/.private/rockauto_msgs/share/common-lisp/ros/rockauto_msgs/msg/NDTStat.lisp, /home/vincent/cnn_seg_lidar/devel/share/common-lisp/ros/rockauto_msgs/msg/NDTStat.lisp)
Linked: (/home/vincent/cnn_seg_lidar/devel/.private/rockauto_msgs/share/common-lisp/ros/rockauto_msgs/msg/Waypoint.lisp, /home/vincent/cnn_seg_lidar/devel/share/common-lisp/ros/rockauto_msgs/msg/Waypoint.lisp)
Linked: (/home/vincent/cnn_seg_lidar/devel/.private/rockauto_msgs/share/common-lisp/ros/rockauto_msgs/msg/_package_ValueSet.lisp, /home/vincent/cnn_seg_lidar/devel/share/common-lisp/ros/rockauto_msgs/msg/_package_ValueSet.lisp)
Linked: (/home/vincent/cnn_seg_lidar/devel/.private/rockauto_msgs/share/common-lisp/ros/rockauto_msgs/msg/_package_TrafficLightResult.lisp, /home/vincent/cnn_seg_lidar/devel/share/common-lisp/ros/rockauto_msgs/msg/_package_TrafficLightResult.lisp)
Linked: (/home/vincent/cnn_seg_lidar/devel/.private/rockauto_msgs/share/common-lisp/ros/rockauto_msgs/msg/CloudClusterArray.lisp, /home/vincent/cnn_seg_lidar/devel/share/common-lisp/ros/rockauto_msgs/msg/CloudClusterArray.lisp)
Linked: (/home/vincent/cnn_seg_lidar/devel/.private/rockauto_msgs/share/common-lisp/ros/rockauto_msgs/msg/_package_ScanImage.lisp, /home/vincent/cnn_seg_lidar/devel/share/common-lisp/ros/rockauto_msgs/msg/_package_ScanImage.lisp)
Linked: (/home/vincent/cnn_seg_lidar/devel/.private/rockauto_msgs/share/common-lisp/ros/rockauto_msgs/msg/_package.lisp, /home/vincent/cnn_seg_lidar/devel/share/common-lisp/ros/rockauto_msgs/msg/_package.lisp)
Linked: (/home/vincent/cnn_seg_lidar/devel/.private/rockauto_msgs/share/common-lisp/ros/rockauto_msgs/msg/ScanImage.lisp, /home/vincent/cnn_seg_lidar/devel/share/common-lisp/ros/rockauto_msgs/msg/ScanImage.lisp)
Linked: (/home/vincent/cnn_seg_lidar/devel/.private/rockauto_msgs/share/common-lisp/ros/rockauto_msgs/msg/ControlCommandStamped.lisp, /home/vincent/cnn_seg_lidar/devel/share/common-lisp/ros/rockauto_msgs/msg/ControlCommandStamped.lisp)
Linked: (/home/vincent/cnn_seg_lidar/devel/.private/rockauto_msgs/share/common-lisp/ros/rockauto_msgs/msg/DetectedObjectArray.lisp, /home/vincent/cnn_seg_lidar/devel/share/common-lisp/ros/rockauto_msgs/msg/DetectedObjectArray.lisp)
Linked: (/home/vincent/cnn_seg_lidar/devel/.private/rockauto_msgs/share/common-lisp/ros/rockauto_msgs/msg/TunedResult.lisp, /home/vincent/cnn_seg_lidar/devel/share/common-lisp/ros/rockauto_msgs/msg/TunedResult.lisp)
Linked: (/home/vincent/cnn_seg_lidar/devel/.private/rockauto_msgs/share/common-lisp/ros/rockauto_msgs/msg/ImageObjTracked.lisp, /home/vincent/cnn_seg_lidar/devel/share/common-lisp/ros/rockauto_msgs/msg/ImageObjTracked.lisp)
Linked: (/home/vincent/cnn_seg_lidar/devel/.private/rockauto_msgs/share/common-lisp/ros/rockauto_msgs/msg/DTLane.lisp, /home/vincent/cnn_seg_lidar/devel/share/common-lisp/ros/rockauto_msgs/msg/DTLane.lisp)
Linked: (/home/vincent/cnn_seg_lidar/devel/.private/rockauto_msgs/share/common-lisp/ros/rockauto_msgs/msg/ValueSet.lisp, /home/vincent/cnn_seg_lidar/devel/share/common-lisp/ros/rockauto_msgs/msg/ValueSet.lisp)
Linked: (/home/vincent/cnn_seg_lidar/devel/.private/rockauto_msgs/share/common-lisp/ros/rockauto_msgs/msg/LampCmd.lisp, /home/vincent/cnn_seg_lidar/devel/share/common-lisp/ros/rockauto_msgs/msg/LampCmd.lisp)
Linked: (/home/vincent/cnn_seg_lidar/devel/.private/rockauto_msgs/share/common-lisp/ros/rockauto_msgs/msg/_package_AccelCmd.lisp, /home/vincent/cnn_seg_lidar/devel/share/common-lisp/ros/rockauto_msgs/msg/_package_AccelCmd.lisp)
Linked: (/home/vincent/cnn_seg_lidar/devel/.private/rockauto_msgs/share/common-lisp/ros/rockauto_msgs/msg/_package_ControlCommand.lisp, /home/vincent/cnn_seg_lidar/devel/share/common-lisp/ros/rockauto_msgs/msg/_package_ControlCommand.lisp)
Linked: (/home/vincent/cnn_seg_lidar/devel/.private/rockauto_msgs/share/common-lisp/ros/rockauto_msgs/msg/RemoteCmd.lisp, /home/vincent/cnn_seg_lidar/devel/share/common-lisp/ros/rockauto_msgs/msg/RemoteCmd.lisp)
Linked: (/home/vincent/cnn_seg_lidar/devel/.private/rockauto_msgs/share/common-lisp/ros/rockauto_msgs/msg/Signals.lisp, /home/vincent/cnn_seg_lidar/devel/share/common-lisp/ros/rockauto_msgs/msg/Signals.lisp)
Linked: (/home/vincent/cnn_seg_lidar/devel/.private/rockauto_msgs/share/common-lisp/ros/rockauto_msgs/msg/_package_ImageRectRanged.lisp, /home/vincent/cnn_seg_lidar/devel/share/common-lisp/ros/rockauto_msgs/msg/_package_ImageRectRanged.lisp)
Linked: (/home/vincent/cnn_seg_lidar/devel/.private/rockauto_msgs/share/common-lisp/ros/rockauto_msgs/msg/_package_VehicleCmd.lisp, /home/vincent/cnn_seg_lidar/devel/share/common-lisp/ros/rockauto_msgs/msg/_package_VehicleCmd.lisp)
Linked: (/home/vincent/cnn_seg_lidar/devel/.private/rockauto_msgs/share/common-lisp/ros/rockauto_msgs/msg/ControlCommand.lisp, /home/vincent/cnn_seg_lidar/devel/share/common-lisp/ros/rockauto_msgs/msg/ControlCommand.lisp)
Linked: (/home/vincent/cnn_seg_lidar/devel/.private/rockauto_msgs/share/common-lisp/ros/rockauto_msgs/msg/_package_Waypoint.lisp, /home/vincent/cnn_seg_lidar/devel/share/common-lisp/ros/rockauto_msgs/msg/_package_Waypoint.lisp)
Linked: (/home/vincent/cnn_seg_lidar/devel/.private/rockauto_msgs/share/common-lisp/ros/rockauto_msgs/msg/_package_GeometricRectangle.lisp, /home/vincent/cnn_seg_lidar/devel/share/common-lisp/ros/rockauto_msgs/msg/_package_GeometricRectangle.lisp)
Linked: (/home/vincent/cnn_seg_lidar/devel/.private/rockauto_msgs/share/common-lisp/ros/rockauto_msgs/msg/_package_TrafficLight.lisp, /home/vincent/cnn_seg_lidar/devel/share/common-lisp/ros/rockauto_msgs/msg/_package_TrafficLight.lisp)
Linked: (/home/vincent/cnn_seg_lidar/devel/.private/rockauto_msgs/share/common-lisp/ros/rockauto_msgs/msg/_package_Lane.lisp, /home/vincent/cnn_seg_lidar/devel/share/common-lisp/ros/rockauto_msgs/msg/_package_Lane.lisp)
Linked: (/home/vincent/cnn_seg_lidar/devel/.private/rockauto_msgs/share/common-lisp/ros/rockauto_msgs/msg/_package_ImageObjects.lisp, /home/vincent/cnn_seg_lidar/devel/share/common-lisp/ros/rockauto_msgs/msg/_package_ImageObjects.lisp)
Linked: (/home/vincent/cnn_seg_lidar/devel/.private/rockauto_msgs/share/common-lisp/ros/rockauto_msgs/msg/TrafficLightResult.lisp, /home/vincent/cnn_seg_lidar/devel/share/common-lisp/ros/rockauto_msgs/msg/TrafficLightResult.lisp)
Linked: (/home/vincent/cnn_seg_lidar/devel/.private/rockauto_msgs/share/common-lisp/ros/rockauto_msgs/msg/_package_ObjLabel.lisp, /home/vincent/cnn_seg_lidar/devel/share/common-lisp/ros/rockauto_msgs/msg/_package_ObjLabel.lisp)
Linked: (/home/vincent/cnn_seg_lidar/devel/.private/rockauto_msgs/share/common-lisp/ros/rockauto_msgs/msg/_package_ImageObjTracked.lisp, /home/vincent/cnn_seg_lidar/devel/share/common-lisp/ros/rockauto_msgs/msg/_package_ImageObjTracked.lisp)
Linked: (/home/vincent/cnn_seg_lidar/devel/.private/rockauto_msgs/share/common-lisp/ros/rockauto_msgs/msg/_package_PointsImage.lisp, /home/vincent/cnn_seg_lidar/devel/share/common-lisp/ros/rockauto_msgs/msg/_package_PointsImage.lisp)
Linked: (/home/vincent/cnn_seg_lidar/devel/.private/rockauto_msgs/share/common-lisp/ros/rockauto_msgs/msg/Centroids.lisp, /home/vincent/cnn_seg_lidar/devel/share/common-lisp/ros/rockauto_msgs/msg/Centroids.lisp)
Linked: (/home/vincent/cnn_seg_lidar/devel/.private/rockauto_msgs/share/common-lisp/ros/rockauto_msgs/msg/_package_Centroids.lisp, /home/vincent/cnn_seg_lidar/devel/share/common-lisp/ros/rockauto_msgs/msg/_package_Centroids.lisp)
Linked: (/home/vincent/cnn_seg_lidar/devel/.private/rockauto_msgs/share/common-lisp/ros/rockauto_msgs/msg/_package_DTLane.lisp, /home/vincent/cnn_seg_lidar/devel/share/common-lisp/ros/rockauto_msgs/msg/_package_DTLane.lisp)
Linked: (/home/vincent/cnn_seg_lidar/devel/.private/rockauto_msgs/share/common-lisp/ros/rockauto_msgs/msg/StateCmd.lisp, /home/vincent/cnn_seg_lidar/devel/share/common-lisp/ros/rockauto_msgs/msg/StateCmd.lisp)
Linked: (/home/vincent/cnn_seg_lidar/devel/.private/rockauto_msgs/share/common-lisp/ros/rockauto_msgs/msg/_package_ExtractedPosition.lisp, /home/vincent/cnn_seg_lidar/devel/share/common-lisp/ros/rockauto_msgs/msg/_package_ExtractedPosition.lisp)
Linked: (/home/vincent/cnn_seg_lidar/devel/.private/rockauto_msgs/share/common-lisp/ros/rockauto_msgs/msg/_package_VehicleStatus.lisp, /home/vincent/cnn_seg_lidar/devel/share/common-lisp/ros/rockauto_msgs/msg/_package_VehicleStatus.lisp)
Linked: (/home/vincent/cnn_seg_lidar/devel/.private/rockauto_msgs/share/common-lisp/ros/rockauto_msgs/msg/_package_RemoteCmd.lisp, /home/vincent/cnn_seg_lidar/devel/share/common-lisp/ros/rockauto_msgs/msg/_package_RemoteCmd.lisp)
Linked: (/home/vincent/cnn_seg_lidar/devel/.private/rockauto_msgs/share/common-lisp/ros/rockauto_msgs/msg/_package_DetectedObjectArray.lisp, /home/vincent/cnn_seg_lidar/devel/share/common-lisp/ros/rockauto_msgs/msg/_package_DetectedObjectArray.lisp)
Linked: (/home/vincent/cnn_seg_lidar/devel/.private/rockauto_msgs/share/common-lisp/ros/rockauto_msgs/msg/_package_Signals.lisp, /home/vincent/cnn_seg_lidar/devel/share/common-lisp/ros/rockauto_msgs/msg/_package_Signals.lisp)
Linked: (/home/vincent/cnn_seg_lidar/devel/.private/rockauto_msgs/share/common-lisp/ros/rockauto_msgs/msg/_package_AdjustXY.lisp, /home/vincent/cnn_seg_lidar/devel/share/common-lisp/ros/rockauto_msgs/msg/_package_AdjustXY.lisp)
Linked: (/home/vincent/cnn_seg_lidar/devel/.private/rockauto_msgs/share/common-lisp/ros/rockauto_msgs/msg/ImageLaneObjects.lisp, /home/vincent/cnn_seg_lidar/devel/share/common-lisp/ros/rockauto_msgs/msg/ImageLaneObjects.lisp)
Linked: (/home/vincent/cnn_seg_lidar/devel/.private/rockauto_msgs/share/common-lisp/ros/rockauto_msgs/msg/_package_ColorSet.lisp, /home/vincent/cnn_seg_lidar/devel/share/common-lisp/ros/rockauto_msgs/msg/_package_ColorSet.lisp)
Linked: (/home/vincent/cnn_seg_lidar/devel/.private/rockauto_msgs/share/common-lisp/ros/rockauto_msgs/msg/SteerCmd.lisp, /home/vincent/cnn_seg_lidar/devel/share/common-lisp/ros/rockauto_msgs/msg/SteerCmd.lisp)
Linked: (/home/vincent/cnn_seg_lidar/devel/.private/rockauto_msgs/share/common-lisp/ros/rockauto_msgs/msg/_package_ImageRect.lisp, /home/vincent/cnn_seg_lidar/devel/share/common-lisp/ros/rockauto_msgs/msg/_package_ImageRect.lisp)
Linked: (/home/vincent/cnn_seg_lidar/devel/.private/rockauto_msgs/share/common-lisp/ros/rockauto_msgs/msg/_package_LaneArray.lisp, /home/vincent/cnn_seg_lidar/devel/share/common-lisp/ros/rockauto_msgs/msg/_package_LaneArray.lisp)
Linked: (/home/vincent/cnn_seg_lidar/devel/.private/rockauto_msgs/share/common-lisp/ros/rockauto_msgs/msg/_package_SyncTimeDiff.lisp, /home/vincent/cnn_seg_lidar/devel/share/common-lisp/ros/rockauto_msgs/msg/_package_SyncTimeDiff.lisp)
Linked: (/home/vincent/cnn_seg_lidar/devel/.private/rockauto_msgs/share/common-lisp/ros/rockauto_msgs/msg/_package_ImageObj.lisp, /home/vincent/cnn_seg_lidar/devel/share/common-lisp/ros/rockauto_msgs/msg/_package_ImageObj.lisp)
Linked: (/home/vincent/cnn_seg_lidar/devel/.private/rockauto_msgs/share/common-lisp/ros/rockauto_msgs/msg/_package_LampCmd.lisp, /home/vincent/cnn_seg_lidar/devel/share/common-lisp/ros/rockauto_msgs/msg/_package_LampCmd.lisp)
Linked: (/home/vincent/cnn_seg_lidar/devel/.private/rockauto_msgs/share/common-lisp/ros/rockauto_msgs/msg/ObjLabel.lisp, /home/vincent/cnn_seg_lidar/devel/share/common-lisp/ros/rockauto_msgs/msg/ObjLabel.lisp)
Linked: (/home/vincent/cnn_seg_lidar/devel/.private/rockauto_msgs/share/common-lisp/ros/rockauto_msgs/msg/TrafficLight.lisp, /home/vincent/cnn_seg_lidar/devel/share/common-lisp/ros/rockauto_msgs/msg/TrafficLight.lisp)
Linked: (/home/vincent/cnn_seg_lidar/devel/.private/rockauto_msgs/share/common-lisp/ros/rockauto_msgs/msg/_package_ControlCommandStamped.lisp, /home/vincent/cnn_seg_lidar/devel/share/common-lisp/ros/rockauto_msgs/msg/_package_ControlCommandStamped.lisp)
Linked: (/home/vincent/cnn_seg_lidar/devel/.private/rockauto_msgs/share/common-lisp/ros/rockauto_msgs/msg/_package_VscanTrackedArray.lisp, /home/vincent/cnn_seg_lidar/devel/share/common-lisp/ros/rockauto_msgs/msg/_package_VscanTrackedArray.lisp)
Linked: (/home/vincent/cnn_seg_lidar/devel/.private/rockauto_msgs/share/common-lisp/ros/rockauto_msgs/msg/ObjPose.lisp, /home/vincent/cnn_seg_lidar/devel/share/common-lisp/ros/rockauto_msgs/msg/ObjPose.lisp)
Linked: (/home/vincent/cnn_seg_lidar/devel/.private/rockauto_msgs/share/common-lisp/ros/rockauto_msgs/msg/Lane.lisp, /home/vincent/cnn_seg_lidar/devel/share/common-lisp/ros/rockauto_msgs/msg/Lane.lisp)
Linked: (/home/vincent/cnn_seg_lidar/devel/.private/rockauto_msgs/share/common-lisp/ros/rockauto_msgs/msg/_package_CloudCluster.lisp, /home/vincent/cnn_seg_lidar/devel/share/common-lisp/ros/rockauto_msgs/msg/_package_CloudCluster.lisp)
Linked: (/home/vincent/cnn_seg_lidar/devel/.private/rockauto_msgs/share/common-lisp/ros/rockauto_msgs/msg/VscanTrackedArray.lisp, /home/vincent/cnn_seg_lidar/devel/share/common-lisp/ros/rockauto_msgs/msg/VscanTrackedArray.lisp)
Linked: (/home/vincent/cnn_seg_lidar/devel/.private/rockauto_msgs/share/common-lisp/ros/rockauto_msgs/msg/_package_IndicatorCmd.lisp, /home/vincent/cnn_seg_lidar/devel/share/common-lisp/ros/rockauto_msgs/msg/_package_IndicatorCmd.lisp)
Linked: (/home/vincent/cnn_seg_lidar/devel/.private/rockauto_msgs/share/common-lisp/ros/rockauto_msgs/msg/_package_ImageObjRanged.lisp, /home/vincent/cnn_seg_lidar/devel/share/common-lisp/ros/rockauto_msgs/msg/_package_ImageObjRanged.lisp)
Linked: (/home/vincent/cnn_seg_lidar/devel/.private/rockauto_msgs/share/common-lisp/ros/rockauto_msgs/msg/IndicatorCmd.lisp, /home/vincent/cnn_seg_lidar/devel/share/common-lisp/ros/rockauto_msgs/msg/IndicatorCmd.lisp)
Linked: (/home/vincent/cnn_seg_lidar/devel/.private/rockauto_msgs/share/common-lisp/ros/rockauto_msgs/msg/PointsImage.lisp, /home/vincent/cnn_seg_lidar/devel/share/common-lisp/ros/rockauto_msgs/msg/PointsImage.lisp)
Linked: (/home/vincent/cnn_seg_lidar/devel/.private/rockauto_msgs/share/common-lisp/ros/rockauto_msgs/msg/rockauto_msgs-msg.asd, /home/vincent/cnn_seg_lidar/devel/share/common-lisp/ros/rockauto_msgs/msg/rockauto_msgs-msg.asd)
Linked: (/home/vincent/cnn_seg_lidar/devel/.private/rockauto_msgs/share/common-lisp/ros/rockauto_msgs/msg/ImageObjRanged.lisp, /home/vincent/cnn_seg_lidar/devel/share/common-lisp/ros/rockauto_msgs/msg/ImageObjRanged.lisp)
Linked: (/home/vincent/cnn_seg_lidar/devel/.private/rockauto_msgs/share/common-lisp/ros/rockauto_msgs/msg/_package_BrakeCmd.lisp, /home/vincent/cnn_seg_lidar/devel/share/common-lisp/ros/rockauto_msgs/msg/_package_BrakeCmd.lisp)
Linked: (/home/vincent/cnn_seg_lidar/devel/.private/rockauto_msgs/share/common-lisp/ros/rockauto_msgs/msg/_package_ObjPose.lisp, /home/vincent/cnn_seg_lidar/devel/share/common-lisp/ros/rockauto_msgs/msg/_package_ObjPose.lisp)
Linked: (/home/vincent/cnn_seg_lidar/devel/.private/rockauto_msgs/share/common-lisp/ros/rockauto_msgs/msg/_package_ICPStat.lisp, /home/vincent/cnn_seg_lidar/devel/share/common-lisp/ros/rockauto_msgs/msg/_package_ICPStat.lisp)
Linked: (/home/vincent/cnn_seg_lidar/devel/.private/rockauto_msgs/share/rockauto_msgs/cmake/rockauto_msgsConfig.cmake, /home/vincent/cnn_seg_lidar/devel/share/rockauto_msgs/cmake/rockauto_msgsConfig.cmake)
Linked: (/home/vincent/cnn_seg_lidar/devel/.private/rockauto_msgs/share/rockauto_msgs/cmake/rockauto_msgs-msg-extras.cmake, /home/vincent/cnn_seg_lidar/devel/share/rockauto_msgs/cmake/rockauto_msgs-msg-extras.cmake)
Linked: (/home/vincent/cnn_seg_lidar/devel/.private/rockauto_msgs/share/rockauto_msgs/cmake/rockauto_msgsConfig-version.cmake, /home/vincent/cnn_seg_lidar/devel/share/rockauto_msgs/cmake/rockauto_msgsConfig-version.cmake)
Linked: (/home/vincent/cnn_seg_lidar/devel/.private/rockauto_msgs/share/rockauto_msgs/cmake/rockauto_msgs-msg-paths.cmake, /home/vincent/cnn_seg_lidar/devel/share/rockauto_msgs/cmake/rockauto_msgs-msg-paths.cmake)
Linked: (/home/vincent/cnn_seg_lidar/devel/.private/rockauto_msgs/share/gennodejs/ros/rockauto_msgs/_index.js, /home/vincent/cnn_seg_lidar/devel/share/gennodejs/ros/rockauto_msgs/_index.js)
Linked: (/home/vincent/cnn_seg_lidar/devel/.private/rockauto_msgs/share/gennodejs/ros/rockauto_msgs/msg/AdjustXY.js, /home/vincent/cnn_seg_lidar/devel/share/gennodejs/ros/rockauto_msgs/msg/AdjustXY.js)
Linked: (/home/vincent/cnn_seg_lidar/devel/.private/rockauto_msgs/share/gennodejs/ros/rockauto_msgs/msg/ScanImage.js, /home/vincent/cnn_seg_lidar/devel/share/gennodejs/ros/rockauto_msgs/msg/ScanImage.js)
Linked: (/home/vincent/cnn_seg_lidar/devel/.private/rockauto_msgs/share/gennodejs/ros/rockauto_msgs/msg/TrafficLightResult.js, /home/vincent/cnn_seg_lidar/devel/share/gennodejs/ros/rockauto_msgs/msg/TrafficLightResult.js)
Linked: (/home/vincent/cnn_seg_lidar/devel/.private/rockauto_msgs/share/gennodejs/ros/rockauto_msgs/msg/DetectedObjectArray.js, /home/vincent/cnn_seg_lidar/devel/share/gennodejs/ros/rockauto_msgs/msg/DetectedObjectArray.js)
Linked: (/home/vincent/cnn_seg_lidar/devel/.private/rockauto_msgs/share/gennodejs/ros/rockauto_msgs/msg/StateCmd.js, /home/vincent/cnn_seg_lidar/devel/share/gennodejs/ros/rockauto_msgs/msg/StateCmd.js)
Linked: (/home/vincent/cnn_seg_lidar/devel/.private/rockauto_msgs/share/gennodejs/ros/rockauto_msgs/msg/SyncTimeDiff.js, /home/vincent/cnn_seg_lidar/devel/share/gennodejs/ros/rockauto_msgs/msg/SyncTimeDiff.js)
Linked: (/home/vincent/cnn_seg_lidar/devel/.private/rockauto_msgs/share/gennodejs/ros/rockauto_msgs/msg/ProjectionMatrix.js, /home/vincent/cnn_seg_lidar/devel/share/gennodejs/ros/rockauto_msgs/msg/ProjectionMatrix.js)
Linked: (/home/vincent/cnn_seg_lidar/devel/.private/rockauto_msgs/share/gennodejs/ros/rockauto_msgs/msg/ICPStat.js, /home/vincent/cnn_seg_lidar/devel/share/gennodejs/ros/rockauto_msgs/msg/ICPStat.js)
Linked: (/home/vincent/cnn_seg_lidar/devel/.private/rockauto_msgs/share/gennodejs/ros/rockauto_msgs/msg/CloudClusterArray.js, /home/vincent/cnn_seg_lidar/devel/share/gennodejs/ros/rockauto_msgs/msg/CloudClusterArray.js)
Linked: (/home/vincent/cnn_seg_lidar/devel/.private/rockauto_msgs/share/gennodejs/ros/rockauto_msgs/msg/Signals.js, /home/vincent/cnn_seg_lidar/devel/share/gennodejs/ros/rockauto_msgs/msg/Signals.js)
Linked: (/home/vincent/cnn_seg_lidar/devel/.private/rockauto_msgs/share/gennodejs/ros/rockauto_msgs/msg/Lane.js, /home/vincent/cnn_seg_lidar/devel/share/gennodejs/ros/rockauto_msgs/msg/Lane.js)
Linked: (/home/vincent/cnn_seg_lidar/devel/.private/rockauto_msgs/share/gennodejs/ros/rockauto_msgs/msg/LaneArray.js, /home/vincent/cnn_seg_lidar/devel/share/gennodejs/ros/rockauto_msgs/msg/LaneArray.js)
Linked: (/home/vincent/cnn_seg_lidar/devel/.private/rockauto_msgs/share/gennodejs/ros/rockauto_msgs/msg/ObjLabel.js, /home/vincent/cnn_seg_lidar/devel/share/gennodejs/ros/rockauto_msgs/msg/ObjLabel.js)
Linked: (/home/vincent/cnn_seg_lidar/devel/.private/rockauto_msgs/share/gennodejs/ros/rockauto_msgs/msg/Waypoint.js, /home/vincent/cnn_seg_lidar/devel/share/gennodejs/ros/rockauto_msgs/msg/Waypoint.js)
Linked: (/home/vincent/cnn_seg_lidar/devel/.private/rockauto_msgs/share/gennodejs/ros/rockauto_msgs/msg/CloudCluster.js, /home/vincent/cnn_seg_lidar/devel/share/gennodejs/ros/rockauto_msgs/msg/CloudCluster.js)
Linked: (/home/vincent/cnn_seg_lidar/devel/.private/rockauto_msgs/share/gennodejs/ros/rockauto_msgs/msg/ImageLaneObjects.js, /home/vincent/cnn_seg_lidar/devel/share/gennodejs/ros/rockauto_msgs/msg/ImageLaneObjects.js)
Linked: (/home/vincent/cnn_seg_lidar/devel/.private/rockauto_msgs/share/gennodejs/ros/rockauto_msgs/msg/BrakeCmd.js, /home/vincent/cnn_seg_lidar/devel/share/gennodejs/ros/rockauto_msgs/msg/BrakeCmd.js)
Linked: (/home/vincent/cnn_seg_lidar/devel/.private/rockauto_msgs/share/gennodejs/ros/rockauto_msgs/msg/PointsImage.js, /home/vincent/cnn_seg_lidar/devel/share/gennodejs/ros/rockauto_msgs/msg/PointsImage.js)
Linked: (/home/vincent/cnn_seg_lidar/devel/.private/rockauto_msgs/share/gennodejs/ros/rockauto_msgs/msg/VehicleCmd.js, /home/vincent/cnn_seg_lidar/devel/share/gennodejs/ros/rockauto_msgs/msg/VehicleCmd.js)
Linked: (/home/vincent/cnn_seg_lidar/devel/.private/rockauto_msgs/share/gennodejs/ros/rockauto_msgs/msg/DTLane.js, /home/vincent/cnn_seg_lidar/devel/share/gennodejs/ros/rockauto_msgs/msg/DTLane.js)
Linked: (/home/vincent/cnn_seg_lidar/devel/.private/rockauto_msgs/share/gennodejs/ros/rockauto_msgs/msg/ImageObjTracked.js, /home/vincent/cnn_seg_lidar/devel/share/gennodejs/ros/rockauto_msgs/msg/ImageObjTracked.js)
Linked: (/home/vincent/cnn_seg_lidar/devel/.private/rockauto_msgs/share/gennodejs/ros/rockauto_msgs/msg/SteerCmd.js, /home/vincent/cnn_seg_lidar/devel/share/gennodejs/ros/rockauto_msgs/msg/SteerCmd.js)
Linked: (/home/vincent/cnn_seg_lidar/devel/.private/rockauto_msgs/share/gennodejs/ros/rockauto_msgs/msg/TunedResult.js, /home/vincent/cnn_seg_lidar/devel/share/gennodejs/ros/rockauto_msgs/msg/TunedResult.js)
Linked: (/home/vincent/cnn_seg_lidar/devel/.private/rockauto_msgs/share/gennodejs/ros/rockauto_msgs/msg/State.js, /home/vincent/cnn_seg_lidar/devel/share/gennodejs/ros/rockauto_msgs/msg/State.js)
Linked: (/home/vincent/cnn_seg_lidar/devel/.private/rockauto_msgs/share/gennodejs/ros/rockauto_msgs/msg/ImageObjRanged.js, /home/vincent/cnn_seg_lidar/devel/share/gennodejs/ros/rockauto_msgs/msg/ImageObjRanged.js)
Linked: (/home/vincent/cnn_seg_lidar/devel/.private/rockauto_msgs/share/gennodejs/ros/rockauto_msgs/msg/NDTStat.js, /home/vincent/cnn_seg_lidar/devel/share/gennodejs/ros/rockauto_msgs/msg/NDTStat.js)
Linked: (/home/vincent/cnn_seg_lidar/devel/.private/rockauto_msgs/share/gennodejs/ros/rockauto_msgs/msg/_index.js, /home/vincent/cnn_seg_lidar/devel/share/gennodejs/ros/rockauto_msgs/msg/_index.js)
Linked: (/home/vincent/cnn_seg_lidar/devel/.private/rockauto_msgs/share/gennodejs/ros/rockauto_msgs/msg/WaypointState.js, /home/vincent/cnn_seg_lidar/devel/share/gennodejs/ros/rockauto_msgs/msg/WaypointState.js)
Linked: (/home/vincent/cnn_seg_lidar/devel/.private/rockauto_msgs/share/gennodejs/ros/rockauto_msgs/msg/VehicleStatus.js, /home/vincent/cnn_seg_lidar/devel/share/gennodejs/ros/rockauto_msgs/msg/VehicleStatus.js)
Linked: (/home/vincent/cnn_seg_lidar/devel/.private/rockauto_msgs/share/gennodejs/ros/rockauto_msgs/msg/ValueSet.js, /home/vincent/cnn_seg_lidar/devel/share/gennodejs/ros/rockauto_msgs/msg/ValueSet.js)
Linked: (/home/vincent/cnn_seg_lidar/devel/.private/rockauto_msgs/share/gennodejs/ros/rockauto_msgs/msg/ImageObj.js, /home/vincent/cnn_seg_lidar/devel/share/gennodejs/ros/rockauto_msgs/msg/ImageObj.js)
Linked: (/home/vincent/cnn_seg_lidar/devel/.private/rockauto_msgs/share/gennodejs/ros/rockauto_msgs/msg/Centroids.js, /home/vincent/cnn_seg_lidar/devel/share/gennodejs/ros/rockauto_msgs/msg/Centroids.js)
Linked: (/home/vincent/cnn_seg_lidar/devel/.private/rockauto_msgs/share/gennodejs/ros/rockauto_msgs/msg/IndicatorCmd.js, /home/vincent/cnn_seg_lidar/devel/share/gennodejs/ros/rockauto_msgs/msg/IndicatorCmd.js)
Linked: (/home/vincent/cnn_seg_lidar/devel/.private/rockauto_msgs/share/gennodejs/ros/rockauto_msgs/msg/ImageRectRanged.js, /home/vincent/cnn_seg_lidar/devel/share/gennodejs/ros/rockauto_msgs/msg/ImageRectRanged.js)
Linked: (/home/vincent/cnn_seg_lidar/devel/.private/rockauto_msgs/share/gennodejs/ros/rockauto_msgs/msg/LampCmd.js, /home/vincent/cnn_seg_lidar/devel/share/gennodejs/ros/rockauto_msgs/msg/LampCmd.js)
Linked: (/home/vincent/cnn_seg_lidar/devel/.private/rockauto_msgs/share/gennodejs/ros/rockauto_msgs/msg/ColorSet.js, /home/vincent/cnn_seg_lidar/devel/share/gennodejs/ros/rockauto_msgs/msg/ColorSet.js)
Linked: (/home/vincent/cnn_seg_lidar/devel/.private/rockauto_msgs/share/gennodejs/ros/rockauto_msgs/msg/TrafficLight.js, /home/vincent/cnn_seg_lidar/devel/share/gennodejs/ros/rockauto_msgs/msg/TrafficLight.js)
Linked: (/home/vincent/cnn_seg_lidar/devel/.private/rockauto_msgs/share/gennodejs/ros/rockauto_msgs/msg/ExtractedPosition.js, /home/vincent/cnn_seg_lidar/devel/share/gennodejs/ros/rockauto_msgs/msg/ExtractedPosition.js)
Linked: (/home/vincent/cnn_seg_lidar/devel/.private/rockauto_msgs/share/gennodejs/ros/rockauto_msgs/msg/AccelCmd.js, /home/vincent/cnn_seg_lidar/devel/share/gennodejs/ros/rockauto_msgs/msg/AccelCmd.js)
Linked: (/home/vincent/cnn_seg_lidar/devel/.private/rockauto_msgs/share/gennodejs/ros/rockauto_msgs/msg/DetectedObject.js, /home/vincent/cnn_seg_lidar/devel/share/gennodejs/ros/rockauto_msgs/msg/DetectedObject.js)
Linked: (/home/vincent/cnn_seg_lidar/devel/.private/rockauto_msgs/share/gennodejs/ros/rockauto_msgs/msg/ImageRect.js, /home/vincent/cnn_seg_lidar/devel/share/gennodejs/ros/rockauto_msgs/msg/ImageRect.js)
Linked: (/home/vincent/cnn_seg_lidar/devel/.private/rockauto_msgs/share/gennodejs/ros/rockauto_msgs/msg/TrafficLightResultArray.js, /home/vincent/cnn_seg_lidar/devel/share/gennodejs/ros/rockauto_msgs/msg/TrafficLightResultArray.js)
Linked: (/home/vincent/cnn_seg_lidar/devel/.private/rockauto_msgs/share/gennodejs/ros/rockauto_msgs/msg/RemoteCmd.js, /home/vincent/cnn_seg_lidar/devel/share/gennodejs/ros/rockauto_msgs/msg/RemoteCmd.js)
Linked: (/home/vincent/cnn_seg_lidar/devel/.private/rockauto_msgs/share/gennodejs/ros/rockauto_msgs/msg/ImageObjects.js, /home/vincent/cnn_seg_lidar/devel/share/gennodejs/ros/rockauto_msgs/msg/ImageObjects.js)
Linked: (/home/vincent/cnn_seg_lidar/devel/.private/rockauto_msgs/share/gennodejs/ros/rockauto_msgs/msg/ObjPose.js, /home/vincent/cnn_seg_lidar/devel/share/gennodejs/ros/rockauto_msgs/msg/ObjPose.js)
Linked: (/home/vincent/cnn_seg_lidar/devel/.private/rockauto_msgs/share/gennodejs/ros/rockauto_msgs/msg/ControlCommandStamped.js, /home/vincent/cnn_seg_lidar/devel/share/gennodejs/ros/rockauto_msgs/msg/ControlCommandStamped.js)
Linked: (/home/vincent/cnn_seg_lidar/devel/.private/rockauto_msgs/share/gennodejs/ros/rockauto_msgs/msg/VscanTracked.js, /home/vincent/cnn_seg_lidar/devel/share/gennodejs/ros/rockauto_msgs/msg/VscanTracked.js)
Linked: (/home/vincent/cnn_seg_lidar/devel/.private/rockauto_msgs/share/gennodejs/ros/rockauto_msgs/msg/VscanTrackedArray.js, /home/vincent/cnn_seg_lidar/devel/share/gennodejs/ros/rockauto_msgs/msg/VscanTrackedArray.js)
Linked: (/home/vincent/cnn_seg_lidar/devel/.private/rockauto_msgs/share/gennodejs/ros/rockauto_msgs/msg/GeometricRectangle.js, /home/vincent/cnn_seg_lidar/devel/share/gennodejs/ros/rockauto_msgs/msg/GeometricRectangle.js)
Linked: (/home/vincent/cnn_seg_lidar/devel/.private/rockauto_msgs/share/gennodejs/ros/rockauto_msgs/msg/SyncTimeMonitor.js, /home/vincent/cnn_seg_lidar/devel/share/gennodejs/ros/rockauto_msgs/msg/SyncTimeMonitor.js)
Linked: (/home/vincent/cnn_seg_lidar/devel/.private/rockauto_msgs/share/gennodejs/ros/rockauto_msgs/msg/ControlCommand.js, /home/vincent/cnn_seg_lidar/devel/share/gennodejs/ros/rockauto_msgs/msg/ControlCommand.js)
Linked: (/home/vincent/cnn_seg_lidar/devel/.private/rockauto_msgs/include/rockauto_msgs/DetectedObject.h, /home/vincent/cnn_seg_lidar/devel/include/rockauto_msgs/DetectedObject.h)
Linked: (/home/vincent/cnn_seg_lidar/devel/.private/rockauto_msgs/include/rockauto_msgs/ICPStat.h, /home/vincent/cnn_seg_lidar/devel/include/rockauto_msgs/ICPStat.h)
Linked: (/home/vincent/cnn_seg_lidar/devel/.private/rockauto_msgs/include/rockauto_msgs/CloudCluster.h, /home/vincent/cnn_seg_lidar/devel/include/rockauto_msgs/CloudCluster.h)
Linked: (/home/vincent/cnn_seg_lidar/devel/.private/rockauto_msgs/include/rockauto_msgs/ImageRectRanged.h, /home/vincent/cnn_seg_lidar/devel/include/rockauto_msgs/ImageRectRanged.h)
Linked: (/home/vincent/cnn_seg_lidar/devel/.private/rockauto_msgs/include/rockauto_msgs/ImageObj.h, /home/vincent/cnn_seg_lidar/devel/include/rockauto_msgs/ImageObj.h)
Linked: (/home/vincent/cnn_seg_lidar/devel/.private/rockauto_msgs/include/rockauto_msgs/AccelCmd.h, /home/vincent/cnn_seg_lidar/devel/include/rockauto_msgs/AccelCmd.h)
Linked: (/home/vincent/cnn_seg_lidar/devel/.private/rockauto_msgs/include/rockauto_msgs/ColorSet.h, /home/vincent/cnn_seg_lidar/devel/include/rockauto_msgs/ColorSet.h)
Linked: (/home/vincent/cnn_seg_lidar/devel/.private/rockauto_msgs/include/rockauto_msgs/ValueSet.h, /home/vincent/cnn_seg_lidar/devel/include/rockauto_msgs/ValueSet.h)
Linked: (/home/vincent/cnn_seg_lidar/devel/.private/rockauto_msgs/include/rockauto_msgs/Waypoint.h, /home/vincent/cnn_seg_lidar/devel/include/rockauto_msgs/Waypoint.h)
Linked: (/home/vincent/cnn_seg_lidar/devel/.private/rockauto_msgs/include/rockauto_msgs/Centroids.h, /home/vincent/cnn_seg_lidar/devel/include/rockauto_msgs/Centroids.h)
Linked: (/home/vincent/cnn_seg_lidar/devel/.private/rockauto_msgs/include/rockauto_msgs/SteerCmd.h, /home/vincent/cnn_seg_lidar/devel/include/rockauto_msgs/SteerCmd.h)
Linked: (/home/vincent/cnn_seg_lidar/devel/.private/rockauto_msgs/include/rockauto_msgs/TrafficLight.h, /home/vincent/cnn_seg_lidar/devel/include/rockauto_msgs/TrafficLight.h)
Linked: (/home/vincent/cnn_seg_lidar/devel/.private/rockauto_msgs/include/rockauto_msgs/TrafficLightResult.h, /home/vincent/cnn_seg_lidar/devel/include/rockauto_msgs/TrafficLightResult.h)
Linked: (/home/vincent/cnn_seg_lidar/devel/.private/rockauto_msgs/include/rockauto_msgs/VehicleCmd.h, /home/vincent/cnn_seg_lidar/devel/include/rockauto_msgs/VehicleCmd.h)
Linked: (/home/vincent/cnn_seg_lidar/devel/.private/rockauto_msgs/include/rockauto_msgs/VehicleStatus.h, /home/vincent/cnn_seg_lidar/devel/include/rockauto_msgs/VehicleStatus.h)
Linked: (/home/vincent/cnn_seg_lidar/devel/.private/rockauto_msgs/include/rockauto_msgs/ControlCommand.h, /home/vincent/cnn_seg_lidar/devel/include/rockauto_msgs/ControlCommand.h)
Linked: (/home/vincent/cnn_seg_lidar/devel/.private/rockauto_msgs/include/rockauto_msgs/TrafficLightResultArray.h, /home/vincent/cnn_seg_lidar/devel/include/rockauto_msgs/TrafficLightResultArray.h)
Linked: (/home/vincent/cnn_seg_lidar/devel/.private/rockauto_msgs/include/rockauto_msgs/ObjPose.h, /home/vincent/cnn_seg_lidar/devel/include/rockauto_msgs/ObjPose.h)
Linked: (/home/vincent/cnn_seg_lidar/devel/.private/rockauto_msgs/include/rockauto_msgs/GeometricRectangle.h, /home/vincent/cnn_seg_lidar/devel/include/rockauto_msgs/GeometricRectangle.h)
Linked: (/home/vincent/cnn_seg_lidar/devel/.private/rockauto_msgs/include/rockauto_msgs/RemoteCmd.h, /home/vincent/cnn_seg_lidar/devel/include/rockauto_msgs/RemoteCmd.h)
Linked: (/home/vincent/cnn_seg_lidar/devel/.private/rockauto_msgs/include/rockauto_msgs/PointsImage.h, /home/vincent/cnn_seg_lidar/devel/include/rockauto_msgs/PointsImage.h)
Linked: (/home/vincent/cnn_seg_lidar/devel/.private/rockauto_msgs/include/rockauto_msgs/NDTStat.h, /home/vincent/cnn_seg_lidar/devel/include/rockauto_msgs/NDTStat.h)
Linked: (/home/vincent/cnn_seg_lidar/devel/.private/rockauto_msgs/include/rockauto_msgs/LaneArray.h, /home/vincent/cnn_seg_lidar/devel/include/rockauto_msgs/LaneArray.h)
Linked: (/home/vincent/cnn_seg_lidar/devel/.private/rockauto_msgs/include/rockauto_msgs/DetectedObjectArray.h, /home/vincent/cnn_seg_lidar/devel/include/rockauto_msgs/DetectedObjectArray.h)
Linked: (/home/vincent/cnn_seg_lidar/devel/.private/rockauto_msgs/include/rockauto_msgs/ImageObjRanged.h, /home/vincent/cnn_seg_lidar/devel/include/rockauto_msgs/ImageObjRanged.h)
Linked: (/home/vincent/cnn_seg_lidar/devel/.private/rockauto_msgs/include/rockauto_msgs/ControlCommandStamped.h, /home/vincent/cnn_seg_lidar/devel/include/rockauto_msgs/ControlCommandStamped.h)
Linked: (/home/vincent/cnn_seg_lidar/devel/.private/rockauto_msgs/include/rockauto_msgs/LampCmd.h, /home/vincent/cnn_seg_lidar/devel/include/rockauto_msgs/LampCmd.h)
Linked: (/home/vincent/cnn_seg_lidar/devel/.private/rockauto_msgs/include/rockauto_msgs/State.h, /home/vincent/cnn_seg_lidar/devel/include/rockauto_msgs/State.h)
Linked: (/home/vincent/cnn_seg_lidar/devel/.private/rockauto_msgs/include/rockauto_msgs/ImageObjTracked.h, /home/vincent/cnn_seg_lidar/devel/include/rockauto_msgs/ImageObjTracked.h)
Linked: (/home/vincent/cnn_seg_lidar/devel/.private/rockauto_msgs/include/rockauto_msgs/ObjLabel.h, /home/vincent/cnn_seg_lidar/devel/include/rockauto_msgs/ObjLabel.h)
Linked: (/home/vincent/cnn_seg_lidar/devel/.private/rockauto_msgs/include/rockauto_msgs/Signals.h, /home/vincent/cnn_seg_lidar/devel/include/rockauto_msgs/Signals.h)
Linked: (/home/vincent/cnn_seg_lidar/devel/.private/rockauto_msgs/include/rockauto_msgs/ExtractedPosition.h, /home/vincent/cnn_seg_lidar/devel/include/rockauto_msgs/ExtractedPosition.h)
Linked: (/home/vincent/cnn_seg_lidar/devel/.private/rockauto_msgs/include/rockauto_msgs/DTLane.h, /home/vincent/cnn_seg_lidar/devel/include/rockauto_msgs/DTLane.h)
Linked: (/home/vincent/cnn_seg_lidar/devel/.private/rockauto_msgs/include/rockauto_msgs/StateCmd.h, /home/vincent/cnn_seg_lidar/devel/include/rockauto_msgs/StateCmd.h)
Linked: (/home/vincent/cnn_seg_lidar/devel/.private/rockauto_msgs/include/rockauto_msgs/Lane.h, /home/vincent/cnn_seg_lidar/devel/include/rockauto_msgs/Lane.h)
Linked: (/home/vincent/cnn_seg_lidar/devel/.private/rockauto_msgs/include/rockauto_msgs/BrakeCmd.h, /home/vincent/cnn_seg_lidar/devel/include/rockauto_msgs/BrakeCmd.h)
Linked: (/home/vincent/cnn_seg_lidar/devel/.private/rockauto_msgs/include/rockauto_msgs/WaypointState.h, /home/vincent/cnn_seg_lidar/devel/include/rockauto_msgs/WaypointState.h)
Linked: (/home/vincent/cnn_seg_lidar/devel/.private/rockauto_msgs/include/rockauto_msgs/ImageRect.h, /home/vincent/cnn_seg_lidar/devel/include/rockauto_msgs/ImageRect.h)
Linked: (/home/vincent/cnn_seg_lidar/devel/.private/rockauto_msgs/include/rockauto_msgs/VscanTrackedArray.h, /home/vincent/cnn_seg_lidar/devel/include/rockauto_msgs/VscanTrackedArray.h)
Linked: (/home/vincent/cnn_seg_lidar/devel/.private/rockauto_msgs/include/rockauto_msgs/IndicatorCmd.h, /home/vincent/cnn_seg_lidar/devel/include/rockauto_msgs/IndicatorCmd.h)
Linked: (/home/vincent/cnn_seg_lidar/devel/.private/rockauto_msgs/include/rockauto_msgs/CloudClusterArray.h, /home/vincent/cnn_seg_lidar/devel/include/rockauto_msgs/CloudClusterArray.h)
Linked: (/home/vincent/cnn_seg_lidar/devel/.private/rockauto_msgs/include/rockauto_msgs/ImageLaneObjects.h, /home/vincent/cnn_seg_lidar/devel/include/rockauto_msgs/ImageLaneObjects.h)
Linked: (/home/vincent/cnn_seg_lidar/devel/.private/rockauto_msgs/include/rockauto_msgs/ImageObjects.h, /home/vincent/cnn_seg_lidar/devel/include/rockauto_msgs/ImageObjects.h)
Linked: (/home/vincent/cnn_seg_lidar/devel/.private/rockauto_msgs/include/rockauto_msgs/SyncTimeDiff.h, /home/vincent/cnn_seg_lidar/devel/include/rockauto_msgs/SyncTimeDiff.h)
Linked: (/home/vincent/cnn_seg_lidar/devel/.private/rockauto_msgs/include/rockauto_msgs/ProjectionMatrix.h, /home/vincent/cnn_seg_lidar/devel/include/rockauto_msgs/ProjectionMatrix.h)
Linked: (/home/vincent/cnn_seg_lidar/devel/.private/rockauto_msgs/include/rockauto_msgs/ScanImage.h, /home/vincent/cnn_seg_lidar/devel/include/rockauto_msgs/ScanImage.h)
Linked: (/home/vincent/cnn_seg_lidar/devel/.private/rockauto_msgs/include/rockauto_msgs/TunedResult.h, /home/vincent/cnn_seg_lidar/devel/include/rockauto_msgs/TunedResult.h)
Linked: (/home/vincent/cnn_seg_lidar/devel/.private/rockauto_msgs/include/rockauto_msgs/VscanTracked.h, /home/vincent/cnn_seg_lidar/devel/include/rockauto_msgs/VscanTracked.h)
Linked: (/home/vincent/cnn_seg_lidar/devel/.private/rockauto_msgs/include/rockauto_msgs/SyncTimeMonitor.h, /home/vincent/cnn_seg_lidar/devel/include/rockauto_msgs/SyncTimeMonitor.h)
Linked: (/home/vincent/cnn_seg_lidar/devel/.private/rockauto_msgs/include/rockauto_msgs/AdjustXY.h, /home/vincent/cnn_seg_lidar/devel/include/rockauto_msgs/AdjustXY.h)
Linked: (/home/vincent/cnn_seg_lidar/devel/.private/rockauto_msgs/lib/python2.7/dist-packages/rockauto_msgs/__init__.py, /home/vincent/cnn_seg_lidar/devel/lib/python2.7/dist-packages/rockauto_msgs/__init__.py)
Linked: (/home/vincent/cnn_seg_lidar/devel/.private/rockauto_msgs/lib/python2.7/dist-packages/rockauto_msgs/msg/_SteerCmd.py, /home/vincent/cnn_seg_lidar/devel/lib/python2.7/dist-packages/rockauto_msgs/msg/_SteerCmd.py)
Linked: (/home/vincent/cnn_seg_lidar/devel/.private/rockauto_msgs/lib/python2.7/dist-packages/rockauto_msgs/msg/_SyncTimeDiff.py, /home/vincent/cnn_seg_lidar/devel/lib/python2.7/dist-packages/rockauto_msgs/msg/_SyncTimeDiff.py)
Linked: (/home/vincent/cnn_seg_lidar/devel/.private/rockauto_msgs/lib/python2.7/dist-packages/rockauto_msgs/msg/_ImageLaneObjects.py, /home/vincent/cnn_seg_lidar/devel/lib/python2.7/dist-packages/rockauto_msgs/msg/_ImageLaneObjects.py)
Linked: (/home/vincent/cnn_seg_lidar/devel/.private/rockauto_msgs/lib/python2.7/dist-packages/rockauto_msgs/msg/_DetectedObjectArray.py, /home/vincent/cnn_seg_lidar/devel/lib/python2.7/dist-packages/rockauto_msgs/msg/_DetectedObjectArray.py)
Linked: (/home/vincent/cnn_seg_lidar/devel/.private/rockauto_msgs/lib/python2.7/dist-packages/rockauto_msgs/msg/_CloudCluster.py, /home/vincent/cnn_seg_lidar/devel/lib/python2.7/dist-packages/rockauto_msgs/msg/_CloudCluster.py)
Linked: (/home/vincent/cnn_seg_lidar/devel/.private/rockauto_msgs/lib/python2.7/dist-packages/rockauto_msgs/msg/_ColorSet.py, /home/vincent/cnn_seg_lidar/devel/lib/python2.7/dist-packages/rockauto_msgs/msg/_ColorSet.py)
Linked: (/home/vincent/cnn_seg_lidar/devel/.private/rockauto_msgs/lib/python2.7/dist-packages/rockauto_msgs/msg/_StateCmd.py, /home/vincent/cnn_seg_lidar/devel/lib/python2.7/dist-packages/rockauto_msgs/msg/_StateCmd.py)
Linked: (/home/vincent/cnn_seg_lidar/devel/.private/rockauto_msgs/lib/python2.7/dist-packages/rockauto_msgs/msg/_ImageObjects.py, /home/vincent/cnn_seg_lidar/devel/lib/python2.7/dist-packages/rockauto_msgs/msg/_ImageObjects.py)
Linked: (/home/vincent/cnn_seg_lidar/devel/.private/rockauto_msgs/lib/python2.7/dist-packages/rockauto_msgs/msg/_ControlCommand.py, /home/vincent/cnn_seg_lidar/devel/lib/python2.7/dist-packages/rockauto_msgs/msg/_ControlCommand.py)
Linked: (/home/vincent/cnn_seg_lidar/devel/.private/rockauto_msgs/lib/python2.7/dist-packages/rockauto_msgs/msg/_Signals.py, /home/vincent/cnn_seg_lidar/devel/lib/python2.7/dist-packages/rockauto_msgs/msg/_Signals.py)
Linked: (/home/vincent/cnn_seg_lidar/devel/.private/rockauto_msgs/lib/python2.7/dist-packages/rockauto_msgs/msg/_LampCmd.py, /home/vincent/cnn_seg_lidar/devel/lib/python2.7/dist-packages/rockauto_msgs/msg/_LampCmd.py)
Linked: (/home/vincent/cnn_seg_lidar/devel/.private/rockauto_msgs/lib/python2.7/dist-packages/rockauto_msgs/msg/_GeometricRectangle.py, /home/vincent/cnn_seg_lidar/devel/lib/python2.7/dist-packages/rockauto_msgs/msg/_GeometricRectangle.py)
Linked: (/home/vincent/cnn_seg_lidar/devel/.private/rockauto_msgs/lib/python2.7/dist-packages/rockauto_msgs/msg/_TrafficLightResult.py, /home/vincent/cnn_seg_lidar/devel/lib/python2.7/dist-packages/rockauto_msgs/msg/_TrafficLightResult.py)
Linked: (/home/vincent/cnn_seg_lidar/devel/.private/rockauto_msgs/lib/python2.7/dist-packages/rockauto_msgs/msg/_ObjLabel.py, /home/vincent/cnn_seg_lidar/devel/lib/python2.7/dist-packages/rockauto_msgs/msg/_ObjLabel.py)
Linked: (/home/vincent/cnn_seg_lidar/devel/.private/rockauto_msgs/lib/python2.7/dist-packages/rockauto_msgs/msg/_ImageRect.py, /home/vincent/cnn_seg_lidar/devel/lib/python2.7/dist-packages/rockauto_msgs/msg/_ImageRect.py)
Linked: (/home/vincent/cnn_seg_lidar/devel/.private/rockauto_msgs/lib/python2.7/dist-packages/rockauto_msgs/msg/_ControlCommandStamped.py, /home/vincent/cnn_seg_lidar/devel/lib/python2.7/dist-packages/rockauto_msgs/msg/_ControlCommandStamped.py)
Linked: (/home/vincent/cnn_seg_lidar/devel/.private/rockauto_msgs/lib/python2.7/dist-packages/rockauto_msgs/msg/_ImageObjRanged.py, /home/vincent/cnn_seg_lidar/devel/lib/python2.7/dist-packages/rockauto_msgs/msg/_ImageObjRanged.py)
Linked: (/home/vincent/cnn_seg_lidar/devel/.private/rockauto_msgs/lib/python2.7/dist-packages/rockauto_msgs/msg/_RemoteCmd.py, /home/vincent/cnn_seg_lidar/devel/lib/python2.7/dist-packages/rockauto_msgs/msg/_RemoteCmd.py)
Linked: (/home/vincent/cnn_seg_lidar/devel/.private/rockauto_msgs/lib/python2.7/dist-packages/rockauto_msgs/msg/_BrakeCmd.py, /home/vincent/cnn_seg_lidar/devel/lib/python2.7/dist-packages/rockauto_msgs/msg/_BrakeCmd.py)
Linked: (/home/vincent/cnn_seg_lidar/devel/.private/rockauto_msgs/lib/python2.7/dist-packages/rockauto_msgs/msg/_TrafficLight.py, /home/vincent/cnn_seg_lidar/devel/lib/python2.7/dist-packages/rockauto_msgs/msg/_TrafficLight.py)
Linked: (/home/vincent/cnn_seg_lidar/devel/.private/rockauto_msgs/lib/python2.7/dist-packages/rockauto_msgs/msg/_VscanTracked.py, /home/vincent/cnn_seg_lidar/devel/lib/python2.7/dist-packages/rockauto_msgs/msg/_VscanTracked.py)
Linked: (/home/vincent/cnn_seg_lidar/devel/.private/rockauto_msgs/lib/python2.7/dist-packages/rockauto_msgs/msg/_TrafficLightResultArray.py, /home/vincent/cnn_seg_lidar/devel/lib/python2.7/dist-packages/rockauto_msgs/msg/_TrafficLightResultArray.py)
Linked: (/home/vincent/cnn_seg_lidar/devel/.private/rockauto_msgs/lib/python2.7/dist-packages/rockauto_msgs/msg/_LaneArray.py, /home/vincent/cnn_seg_lidar/devel/lib/python2.7/dist-packages/rockauto_msgs/msg/_LaneArray.py)
Linked: (/home/vincent/cnn_seg_lidar/devel/.private/rockauto_msgs/lib/python2.7/dist-packages/rockauto_msgs/msg/_VscanTrackedArray.py, /home/vincent/cnn_seg_lidar/devel/lib/python2.7/dist-packages/rockauto_msgs/msg/_VscanTrackedArray.py)
Linked: (/home/vincent/cnn_seg_lidar/devel/.private/rockauto_msgs/lib/python2.7/dist-packages/rockauto_msgs/msg/_DTLane.py, /home/vincent/cnn_seg_lidar/devel/lib/python2.7/dist-packages/rockauto_msgs/msg/_DTLane.py)
Linked: (/home/vincent/cnn_seg_lidar/devel/.private/rockauto_msgs/lib/python2.7/dist-packages/rockauto_msgs/msg/_ImageObj.py, /home/vincent/cnn_seg_lidar/devel/lib/python2.7/dist-packages/rockauto_msgs/msg/_ImageObj.py)
Linked: (/home/vincent/cnn_seg_lidar/devel/.private/rockauto_msgs/lib/python2.7/dist-packages/rockauto_msgs/msg/_VehicleStatus.py, /home/vincent/cnn_seg_lidar/devel/lib/python2.7/dist-packages/rockauto_msgs/msg/_VehicleStatus.py)
Linked: (/home/vincent/cnn_seg_lidar/devel/.private/rockauto_msgs/lib/python2.7/dist-packages/rockauto_msgs/msg/_AdjustXY.py, /home/vincent/cnn_seg_lidar/devel/lib/python2.7/dist-packages/rockauto_msgs/msg/_AdjustXY.py)
Linked: (/home/vincent/cnn_seg_lidar/devel/.private/rockauto_msgs/lib/python2.7/dist-packages/rockauto_msgs/msg/_ScanImage.py, /home/vincent/cnn_seg_lidar/devel/lib/python2.7/dist-packages/rockauto_msgs/msg/_ScanImage.py)
Linked: (/home/vincent/cnn_seg_lidar/devel/.private/rockauto_msgs/lib/python2.7/dist-packages/rockauto_msgs/msg/_ProjectionMatrix.py, /home/vincent/cnn_seg_lidar/devel/lib/python2.7/dist-packages/rockauto_msgs/msg/_ProjectionMatrix.py)
Linked: (/home/vincent/cnn_seg_lidar/devel/.private/rockauto_msgs/lib/python2.7/dist-packages/rockauto_msgs/msg/_ExtractedPosition.py, /home/vincent/cnn_seg_lidar/devel/lib/python2.7/dist-packages/rockauto_msgs/msg/_ExtractedPosition.py)
Linked: (/home/vincent/cnn_seg_lidar/devel/.private/rockauto_msgs/lib/python2.7/dist-packages/rockauto_msgs/msg/__init__.py, /home/vincent/cnn_seg_lidar/devel/lib/python2.7/dist-packages/rockauto_msgs/msg/__init__.py)
Linked: (/home/vincent/cnn_seg_lidar/devel/.private/rockauto_msgs/lib/python2.7/dist-packages/rockauto_msgs/msg/_Centroids.py, /home/vincent/cnn_seg_lidar/devel/lib/python2.7/dist-packages/rockauto_msgs/msg/_Centroids.py)
Linked: (/home/vincent/cnn_seg_lidar/devel/.private/rockauto_msgs/lib/python2.7/dist-packages/rockauto_msgs/msg/_IndicatorCmd.py, /home/vincent/cnn_seg_lidar/devel/lib/python2.7/dist-packages/rockauto_msgs/msg/_IndicatorCmd.py)
Linked: (/home/vincent/cnn_seg_lidar/devel/.private/rockauto_msgs/lib/python2.7/dist-packages/rockauto_msgs/msg/_TunedResult.py, /home/vincent/cnn_seg_lidar/devel/lib/python2.7/dist-packages/rockauto_msgs/msg/_TunedResult.py)
Linked: (/home/vincent/cnn_seg_lidar/devel/.private/rockauto_msgs/lib/python2.7/dist-packages/rockauto_msgs/msg/_WaypointState.py, /home/vincent/cnn_seg_lidar/devel/lib/python2.7/dist-packages/rockauto_msgs/msg/_WaypointState.py)
Linked: (/home/vincent/cnn_seg_lidar/devel/.private/rockauto_msgs/lib/python2.7/dist-packages/rockauto_msgs/msg/_ICPStat.py, /home/vincent/cnn_seg_lidar/devel/lib/python2.7/dist-packages/rockauto_msgs/msg/_ICPStat.py)
Linked: (/home/vincent/cnn_seg_lidar/devel/.private/rockauto_msgs/lib/python2.7/dist-packages/rockauto_msgs/msg/_AccelCmd.py, /home/vincent/cnn_seg_lidar/devel/lib/python2.7/dist-packages/rockauto_msgs/msg/_AccelCmd.py)
Linked: (/home/vincent/cnn_seg_lidar/devel/.private/rockauto_msgs/lib/python2.7/dist-packages/rockauto_msgs/msg/_PointsImage.py, /home/vincent/cnn_seg_lidar/devel/lib/python2.7/dist-packages/rockauto_msgs/msg/_PointsImage.py)
Linked: (/home/vincent/cnn_seg_lidar/devel/.private/rockauto_msgs/lib/python2.7/dist-packages/rockauto_msgs/msg/_ObjPose.py, /home/vincent/cnn_seg_lidar/devel/lib/python2.7/dist-packages/rockauto_msgs/msg/_ObjPose.py)
Linked: (/home/vincent/cnn_seg_lidar/devel/.private/rockauto_msgs/lib/python2.7/dist-packages/rockauto_msgs/msg/_State.py, /home/vincent/cnn_seg_lidar/devel/lib/python2.7/dist-packages/rockauto_msgs/msg/_State.py)
Linked: (/home/vincent/cnn_seg_lidar/devel/.private/rockauto_msgs/lib/python2.7/dist-packages/rockauto_msgs/msg/_ImageObjTracked.py, /home/vincent/cnn_seg_lidar/devel/lib/python2.7/dist-packages/rockauto_msgs/msg/_ImageObjTracked.py)
Linked: (/home/vincent/cnn_seg_lidar/devel/.private/rockauto_msgs/lib/python2.7/dist-packages/rockauto_msgs/msg/_CloudClusterArray.py, /home/vincent/cnn_seg_lidar/devel/lib/python2.7/dist-packages/rockauto_msgs/msg/_CloudClusterArray.py)
Linked: (/home/vincent/cnn_seg_lidar/devel/.private/rockauto_msgs/lib/python2.7/dist-packages/rockauto_msgs/msg/_ImageRectRanged.py, /home/vincent/cnn_seg_lidar/devel/lib/python2.7/dist-packages/rockauto_msgs/msg/_ImageRectRanged.py)
Linked: (/home/vincent/cnn_seg_lidar/devel/.private/rockauto_msgs/lib/python2.7/dist-packages/rockauto_msgs/msg/_DetectedObject.py, /home/vincent/cnn_seg_lidar/devel/lib/python2.7/dist-packages/rockauto_msgs/msg/_DetectedObject.py)
Linked: (/home/vincent/cnn_seg_lidar/devel/.private/rockauto_msgs/lib/python2.7/dist-packages/rockauto_msgs/msg/_Lane.py, /home/vincent/cnn_seg_lidar/devel/lib/python2.7/dist-packages/rockauto_msgs/msg/_Lane.py)
Linked: (/home/vincent/cnn_seg_lidar/devel/.private/rockauto_msgs/lib/python2.7/dist-packages/rockauto_msgs/msg/_Waypoint.py, /home/vincent/cnn_seg_lidar/devel/lib/python2.7/dist-packages/rockauto_msgs/msg/_Waypoint.py)
Linked: (/home/vincent/cnn_seg_lidar/devel/.private/rockauto_msgs/lib/python2.7/dist-packages/rockauto_msgs/msg/_NDTStat.py, /home/vincent/cnn_seg_lidar/devel/lib/python2.7/dist-packages/rockauto_msgs/msg/_NDTStat.py)
Linked: (/home/vincent/cnn_seg_lidar/devel/.private/rockauto_msgs/lib/python2.7/dist-packages/rockauto_msgs/msg/_VehicleCmd.py, /home/vincent/cnn_seg_lidar/devel/lib/python2.7/dist-packages/rockauto_msgs/msg/_VehicleCmd.py)
Linked: (/home/vincent/cnn_seg_lidar/devel/.private/rockauto_msgs/lib/python2.7/dist-packages/rockauto_msgs/msg/_ValueSet.py, /home/vincent/cnn_seg_lidar/devel/lib/python2.7/dist-packages/rockauto_msgs/msg/_ValueSet.py)
Linked: (/home/vincent/cnn_seg_lidar/devel/.private/rockauto_msgs/lib/python2.7/dist-packages/rockauto_msgs/msg/_SyncTimeMonitor.py, /home/vincent/cnn_seg_lidar/devel/lib/python2.7/dist-packages/rockauto_msgs/msg/_SyncTimeMonitor.py)
Linked: (/home/vincent/cnn_seg_lidar/devel/.private/rockauto_msgs/lib/pkgconfig/rockauto_msgs.pc, /home/vincent/cnn_seg_lidar/devel/lib/pkgconfig/rockauto_msgs.pc)
