Symlinking /home/vincent/cnn_seg_lidar/devel/share/roseus/ros/rockauto_msgs/manifest.l
Symlinking /home/vincent/cnn_seg_lidar/devel/share/roseus/ros/rockauto_msgs/msg/SyncTimeDiff.l
Symlinking /home/vincent/cnn_seg_lidar/devel/share/roseus/ros/rockauto_msgs/msg/TrafficLightResultArray.l
Symlinking /home/vincent/cnn_seg_lidar/devel/share/roseus/ros/rockauto_msgs/msg/ControlCommand.l
Symlinking /home/vincent/cnn_seg_lidar/devel/share/roseus/ros/rockauto_msgs/msg/DetectedObjectArray.l
Symlinking /home/vincent/cnn_seg_lidar/devel/share/roseus/ros/rockauto_msgs/msg/ImageObjects.l
Symlinking /home/vincent/cnn_seg_lidar/devel/share/roseus/ros/rockauto_msgs/msg/SyncTimeMonitor.l
Symlinking /home/vincent/cnn_seg_lidar/devel/share/roseus/ros/rockauto_msgs/msg/RemoteCmd.l
Symlinking /home/vincent/cnn_seg_lidar/devel/share/roseus/ros/rockauto_msgs/msg/IndicatorCmd.l
Symlinking /home/vincent/cnn_seg_lidar/devel/share/roseus/ros/rockauto_msgs/msg/GeometricRectangle.l
Symlinking /home/vincent/cnn_seg_lidar/devel/share/roseus/ros/rockauto_msgs/msg/BrakeCmd.l
Symlinking /home/vincent/cnn_seg_lidar/devel/share/roseus/ros/rockauto_msgs/msg/ImageRectRanged.l
Symlinking /home/vincent/cnn_seg_lidar/devel/share/roseus/ros/rockauto_msgs/msg/PointsImage.l
Symlinking /home/vincent/cnn_seg_lidar/devel/share/roseus/ros/rockauto_msgs/msg/VscanTracked.l
Symlinking /home/vincent/cnn_seg_lidar/devel/share/roseus/ros/rockauto_msgs/msg/CloudCluster.l
Symlinking /home/vincent/cnn_seg_lidar/devel/share/roseus/ros/rockauto_msgs/msg/WaypointState.l
Symlinking /home/vincent/cnn_seg_lidar/devel/share/roseus/ros/rockauto_msgs/msg/LaneArray.l
Symlinking /home/vincent/cnn_seg_lidar/devel/share/roseus/ros/rockauto_msgs/msg/ObjLabel.l
Symlinking /home/vincent/cnn_seg_lidar/devel/share/roseus/ros/rockauto_msgs/msg/ValueSet.l
Symlinking /home/vincent/cnn_seg_lidar/devel/share/roseus/ros/rockauto_msgs/msg/VehicleStatus.l
Symlinking /home/vincent/cnn_seg_lidar/devel/share/roseus/ros/rockauto_msgs/msg/AdjustXY.l
Symlinking /home/vincent/cnn_seg_lidar/devel/share/roseus/ros/rockauto_msgs/msg/TrafficLightResult.l
Symlinking /home/vincent/cnn_seg_lidar/devel/share/roseus/ros/rockauto_msgs/msg/ImageObjRanged.l
Symlinking /home/vincent/cnn_seg_lidar/devel/share/roseus/ros/rockauto_msgs/msg/VehicleCmd.l
Symlinking /home/vincent/cnn_seg_lidar/devel/share/roseus/ros/rockauto_msgs/msg/StateCmd.l
Symlinking /home/vincent/cnn_seg_lidar/devel/share/roseus/ros/rockauto_msgs/msg/Centroids.l
Symlinking /home/vincent/cnn_seg_lidar/devel/share/roseus/ros/rockauto_msgs/msg/DetectedObject.l
Symlinking /home/vincent/cnn_seg_lidar/devel/share/roseus/ros/rockauto_msgs/msg/Signals.l
Symlinking /home/vincent/cnn_seg_lidar/devel/share/roseus/ros/rockauto_msgs/msg/LampCmd.l
Symlinking /home/vincent/cnn_seg_lidar/devel/share/roseus/ros/rockauto_msgs/msg/CloudClusterArray.l
Symlinking /home/vincent/cnn_seg_lidar/devel/share/roseus/ros/rockauto_msgs/msg/AccelCmd.l
Symlinking /home/vincent/cnn_seg_lidar/devel/share/roseus/ros/rockauto_msgs/msg/ProjectionMatrix.l
Symlinking /home/vincent/cnn_seg_lidar/devel/share/roseus/ros/rockauto_msgs/msg/DTLane.l
Symlinking /home/vincent/cnn_seg_lidar/devel/share/roseus/ros/rockauto_msgs/msg/TrafficLight.l
Symlinking /home/vincent/cnn_seg_lidar/devel/share/roseus/ros/rockauto_msgs/msg/ImageObjTracked.l
Symlinking /home/vincent/cnn_seg_lidar/devel/share/roseus/ros/rockauto_msgs/msg/ExtractedPosition.l
Symlinking /home/vincent/cnn_seg_lidar/devel/share/roseus/ros/rockauto_msgs/msg/VscanTrackedArray.l
Symlinking /home/vincent/cnn_seg_lidar/devel/share/roseus/ros/rockauto_msgs/msg/ImageLaneObjects.l
Symlinking /home/vincent/cnn_seg_lidar/devel/share/roseus/ros/rockauto_msgs/msg/Waypoint.l
Symlinking /home/vincent/cnn_seg_lidar/devel/share/roseus/ros/rockauto_msgs/msg/ImageRect.l
Symlinking /home/vincent/cnn_seg_lidar/devel/share/roseus/ros/rockauto_msgs/msg/ScanImage.l
Symlinking /home/vincent/cnn_seg_lidar/devel/share/roseus/ros/rockauto_msgs/msg/State.l
Symlinking /home/vincent/cnn_seg_lidar/devel/share/roseus/ros/rockauto_msgs/msg/NDTStat.l
Symlinking /home/vincent/cnn_seg_lidar/devel/share/roseus/ros/rockauto_msgs/msg/TunedResult.l
Symlinking /home/vincent/cnn_seg_lidar/devel/share/roseus/ros/rockauto_msgs/msg/SteerCmd.l
Symlinking /home/vincent/cnn_seg_lidar/devel/share/roseus/ros/rockauto_msgs/msg/ObjPose.l
Symlinking /home/vincent/cnn_seg_lidar/devel/share/roseus/ros/rockauto_msgs/msg/ICPStat.l
Symlinking /home/vincent/cnn_seg_lidar/devel/share/roseus/ros/rockauto_msgs/msg/ControlCommandStamped.l
Symlinking /home/vincent/cnn_seg_lidar/devel/share/roseus/ros/rockauto_msgs/msg/ImageObj.l
Symlinking /home/vincent/cnn_seg_lidar/devel/share/roseus/ros/rockauto_msgs/msg/ColorSet.l
Symlinking /home/vincent/cnn_seg_lidar/devel/share/roseus/ros/rockauto_msgs/msg/Lane.l
Symlinking /home/vincent/cnn_seg_lidar/devel/share/common-lisp/ros/rockauto_msgs/msg/ColorSet.lisp
Symlinking /home/vincent/cnn_seg_lidar/devel/share/common-lisp/ros/rockauto_msgs/msg/_package_CloudClusterArray.lisp
Symlinking /home/vincent/cnn_seg_lidar/devel/share/common-lisp/ros/rockauto_msgs/msg/_package_ImageLaneObjects.lisp
Symlinking /home/vincent/cnn_seg_lidar/devel/share/common-lisp/ros/rockauto_msgs/msg/LaneArray.lisp
Symlinking /home/vincent/cnn_seg_lidar/devel/share/common-lisp/ros/rockauto_msgs/msg/ProjectionMatrix.lisp
Symlinking /home/vincent/cnn_seg_lidar/devel/share/common-lisp/ros/rockauto_msgs/msg/_package_StateCmd.lisp
Symlinking /home/vincent/cnn_seg_lidar/devel/share/common-lisp/ros/rockauto_msgs/msg/SyncTimeDiff.lisp
Symlinking /home/vincent/cnn_seg_lidar/devel/share/common-lisp/ros/rockauto_msgs/msg/_package_SyncTimeMonitor.lisp
Symlinking /home/vincent/cnn_seg_lidar/devel/share/common-lisp/ros/rockauto_msgs/msg/BrakeCmd.lisp
Symlinking /home/vincent/cnn_seg_lidar/devel/share/common-lisp/ros/rockauto_msgs/msg/AccelCmd.lisp
Symlinking /home/vincent/cnn_seg_lidar/devel/share/common-lisp/ros/rockauto_msgs/msg/WaypointState.lisp
Symlinking /home/vincent/cnn_seg_lidar/devel/share/common-lisp/ros/rockauto_msgs/msg/AdjustXY.lisp
Symlinking /home/vincent/cnn_seg_lidar/devel/share/common-lisp/ros/rockauto_msgs/msg/_package_State.lisp
Symlinking /home/vincent/cnn_seg_lidar/devel/share/common-lisp/ros/rockauto_msgs/msg/_package_TrafficLightResultArray.lisp
Symlinking /home/vincent/cnn_seg_lidar/devel/share/common-lisp/ros/rockauto_msgs/msg/_package_SteerCmd.lisp
Symlinking /home/vincent/cnn_seg_lidar/devel/share/common-lisp/ros/rockauto_msgs/msg/ExtractedPosition.lisp
Symlinking /home/vincent/cnn_seg_lidar/devel/share/common-lisp/ros/rockauto_msgs/msg/ImageObj.lisp
Symlinking /home/vincent/cnn_seg_lidar/devel/share/common-lisp/ros/rockauto_msgs/msg/GeometricRectangle.lisp
Symlinking /home/vincent/cnn_seg_lidar/devel/share/common-lisp/ros/rockauto_msgs/msg/_package_WaypointState.lisp
Symlinking /home/vincent/cnn_seg_lidar/devel/share/common-lisp/ros/rockauto_msgs/msg/VehicleStatus.lisp
Symlinking /home/vincent/cnn_seg_lidar/devel/share/common-lisp/ros/rockauto_msgs/msg/ICPStat.lisp
Symlinking /home/vincent/cnn_seg_lidar/devel/share/common-lisp/ros/rockauto_msgs/msg/SyncTimeMonitor.lisp
Symlinking /home/vincent/cnn_seg_lidar/devel/share/common-lisp/ros/rockauto_msgs/msg/ImageRect.lisp
Symlinking /home/vincent/cnn_seg_lidar/devel/share/common-lisp/ros/rockauto_msgs/msg/_package_DetectedObject.lisp
Symlinking /home/vincent/cnn_seg_lidar/devel/share/common-lisp/ros/rockauto_msgs/msg/VehicleCmd.lisp
Symlinking /home/vincent/cnn_seg_lidar/devel/share/common-lisp/ros/rockauto_msgs/msg/DetectedObject.lisp
Symlinking /home/vincent/cnn_seg_lidar/devel/share/common-lisp/ros/rockauto_msgs/msg/_package_VscanTracked.lisp
Symlinking /home/vincent/cnn_seg_lidar/devel/share/common-lisp/ros/rockauto_msgs/msg/State.lisp
Symlinking /home/vincent/cnn_seg_lidar/devel/share/common-lisp/ros/rockauto_msgs/msg/CloudCluster.lisp
Symlinking /home/vincent/cnn_seg_lidar/devel/share/common-lisp/ros/rockauto_msgs/msg/ImageObjects.lisp
Symlinking /home/vincent/cnn_seg_lidar/devel/share/common-lisp/ros/rockauto_msgs/msg/ImageRectRanged.lisp
Symlinking /home/vincent/cnn_seg_lidar/devel/share/common-lisp/ros/rockauto_msgs/msg/VscanTracked.lisp
Symlinking /home/vincent/cnn_seg_lidar/devel/share/common-lisp/ros/rockauto_msgs/msg/_package_TunedResult.lisp
Symlinking /home/vincent/cnn_seg_lidar/devel/share/common-lisp/ros/rockauto_msgs/msg/_package_ProjectionMatrix.lisp
Symlinking /home/vincent/cnn_seg_lidar/devel/share/common-lisp/ros/rockauto_msgs/msg/TrafficLightResultArray.lisp
Symlinking /home/vincent/cnn_seg_lidar/devel/share/common-lisp/ros/rockauto_msgs/msg/_package_NDTStat.lisp
Symlinking /home/vincent/cnn_seg_lidar/devel/share/common-lisp/ros/rockauto_msgs/msg/NDTStat.lisp
Symlinking /home/vincent/cnn_seg_lidar/devel/share/common-lisp/ros/rockauto_msgs/msg/Waypoint.lisp
Symlinking /home/vincent/cnn_seg_lidar/devel/share/common-lisp/ros/rockauto_msgs/msg/_package_ValueSet.lisp
Symlinking /home/vincent/cnn_seg_lidar/devel/share/common-lisp/ros/rockauto_msgs/msg/_package_TrafficLightResult.lisp
Symlinking /home/vincent/cnn_seg_lidar/devel/share/common-lisp/ros/rockauto_msgs/msg/CloudClusterArray.lisp
Symlinking /home/vincent/cnn_seg_lidar/devel/share/common-lisp/ros/rockauto_msgs/msg/_package_ScanImage.lisp
Symlinking /home/vincent/cnn_seg_lidar/devel/share/common-lisp/ros/rockauto_msgs/msg/_package.lisp
Symlinking /home/vincent/cnn_seg_lidar/devel/share/common-lisp/ros/rockauto_msgs/msg/ScanImage.lisp
Symlinking /home/vincent/cnn_seg_lidar/devel/share/common-lisp/ros/rockauto_msgs/msg/ControlCommandStamped.lisp
Symlinking /home/vincent/cnn_seg_lidar/devel/share/common-lisp/ros/rockauto_msgs/msg/DetectedObjectArray.lisp
Symlinking /home/vincent/cnn_seg_lidar/devel/share/common-lisp/ros/rockauto_msgs/msg/TunedResult.lisp
Symlinking /home/vincent/cnn_seg_lidar/devel/share/common-lisp/ros/rockauto_msgs/msg/ImageObjTracked.lisp
Symlinking /home/vincent/cnn_seg_lidar/devel/share/common-lisp/ros/rockauto_msgs/msg/DTLane.lisp
Symlinking /home/vincent/cnn_seg_lidar/devel/share/common-lisp/ros/rockauto_msgs/msg/ValueSet.lisp
Symlinking /home/vincent/cnn_seg_lidar/devel/share/common-lisp/ros/rockauto_msgs/msg/LampCmd.lisp
Symlinking /home/vincent/cnn_seg_lidar/devel/share/common-lisp/ros/rockauto_msgs/msg/_package_AccelCmd.lisp
Symlinking /home/vincent/cnn_seg_lidar/devel/share/common-lisp/ros/rockauto_msgs/msg/_package_ControlCommand.lisp
Symlinking /home/vincent/cnn_seg_lidar/devel/share/common-lisp/ros/rockauto_msgs/msg/RemoteCmd.lisp
Symlinking /home/vincent/cnn_seg_lidar/devel/share/common-lisp/ros/rockauto_msgs/msg/Signals.lisp
Symlinking /home/vincent/cnn_seg_lidar/devel/share/common-lisp/ros/rockauto_msgs/msg/_package_ImageRectRanged.lisp
Symlinking /home/vincent/cnn_seg_lidar/devel/share/common-lisp/ros/rockauto_msgs/msg/_package_VehicleCmd.lisp
Symlinking /home/vincent/cnn_seg_lidar/devel/share/common-lisp/ros/rockauto_msgs/msg/ControlCommand.lisp
Symlinking /home/vincent/cnn_seg_lidar/devel/share/common-lisp/ros/rockauto_msgs/msg/_package_Waypoint.lisp
Symlinking /home/vincent/cnn_seg_lidar/devel/share/common-lisp/ros/rockauto_msgs/msg/_package_GeometricRectangle.lisp
Symlinking /home/vincent/cnn_seg_lidar/devel/share/common-lisp/ros/rockauto_msgs/msg/_package_TrafficLight.lisp
Symlinking /home/vincent/cnn_seg_lidar/devel/share/common-lisp/ros/rockauto_msgs/msg/_package_Lane.lisp
Symlinking /home/vincent/cnn_seg_lidar/devel/share/common-lisp/ros/rockauto_msgs/msg/_package_ImageObjects.lisp
Symlinking /home/vincent/cnn_seg_lidar/devel/share/common-lisp/ros/rockauto_msgs/msg/TrafficLightResult.lisp
Symlinking /home/vincent/cnn_seg_lidar/devel/share/common-lisp/ros/rockauto_msgs/msg/_package_ObjLabel.lisp
Symlinking /home/vincent/cnn_seg_lidar/devel/share/common-lisp/ros/rockauto_msgs/msg/_package_ImageObjTracked.lisp
Symlinking /home/vincent/cnn_seg_lidar/devel/share/common-lisp/ros/rockauto_msgs/msg/_package_PointsImage.lisp
Symlinking /home/vincent/cnn_seg_lidar/devel/share/common-lisp/ros/rockauto_msgs/msg/Centroids.lisp
Symlinking /home/vincent/cnn_seg_lidar/devel/share/common-lisp/ros/rockauto_msgs/msg/_package_Centroids.lisp
Symlinking /home/vincent/cnn_seg_lidar/devel/share/common-lisp/ros/rockauto_msgs/msg/_package_DTLane.lisp
Symlinking /home/vincent/cnn_seg_lidar/devel/share/common-lisp/ros/rockauto_msgs/msg/StateCmd.lisp
Symlinking /home/vincent/cnn_seg_lidar/devel/share/common-lisp/ros/rockauto_msgs/msg/_package_ExtractedPosition.lisp
Symlinking /home/vincent/cnn_seg_lidar/devel/share/common-lisp/ros/rockauto_msgs/msg/_package_VehicleStatus.lisp
Symlinking /home/vincent/cnn_seg_lidar/devel/share/common-lisp/ros/rockauto_msgs/msg/_package_RemoteCmd.lisp
Symlinking /home/vincent/cnn_seg_lidar/devel/share/common-lisp/ros/rockauto_msgs/msg/_package_DetectedObjectArray.lisp
Symlinking /home/vincent/cnn_seg_lidar/devel/share/common-lisp/ros/rockauto_msgs/msg/_package_Signals.lisp
Symlinking /home/vincent/cnn_seg_lidar/devel/share/common-lisp/ros/rockauto_msgs/msg/_package_AdjustXY.lisp
Symlinking /home/vincent/cnn_seg_lidar/devel/share/common-lisp/ros/rockauto_msgs/msg/ImageLaneObjects.lisp
Symlinking /home/vincent/cnn_seg_lidar/devel/share/common-lisp/ros/rockauto_msgs/msg/_package_ColorSet.lisp
Symlinking /home/vincent/cnn_seg_lidar/devel/share/common-lisp/ros/rockauto_msgs/msg/SteerCmd.lisp
Symlinking /home/vincent/cnn_seg_lidar/devel/share/common-lisp/ros/rockauto_msgs/msg/_package_ImageRect.lisp
Symlinking /home/vincent/cnn_seg_lidar/devel/share/common-lisp/ros/rockauto_msgs/msg/_package_LaneArray.lisp
Symlinking /home/vincent/cnn_seg_lidar/devel/share/common-lisp/ros/rockauto_msgs/msg/_package_SyncTimeDiff.lisp
Symlinking /home/vincent/cnn_seg_lidar/devel/share/common-lisp/ros/rockauto_msgs/msg/_package_ImageObj.lisp
Symlinking /home/vincent/cnn_seg_lidar/devel/share/common-lisp/ros/rockauto_msgs/msg/_package_LampCmd.lisp
Symlinking /home/vincent/cnn_seg_lidar/devel/share/common-lisp/ros/rockauto_msgs/msg/ObjLabel.lisp
Symlinking /home/vincent/cnn_seg_lidar/devel/share/common-lisp/ros/rockauto_msgs/msg/TrafficLight.lisp
Symlinking /home/vincent/cnn_seg_lidar/devel/share/common-lisp/ros/rockauto_msgs/msg/_package_ControlCommandStamped.lisp
Symlinking /home/vincent/cnn_seg_lidar/devel/share/common-lisp/ros/rockauto_msgs/msg/_package_VscanTrackedArray.lisp
Symlinking /home/vincent/cnn_seg_lidar/devel/share/common-lisp/ros/rockauto_msgs/msg/ObjPose.lisp
Symlinking /home/vincent/cnn_seg_lidar/devel/share/common-lisp/ros/rockauto_msgs/msg/Lane.lisp
Symlinking /home/vincent/cnn_seg_lidar/devel/share/common-lisp/ros/rockauto_msgs/msg/_package_CloudCluster.lisp
Symlinking /home/vincent/cnn_seg_lidar/devel/share/common-lisp/ros/rockauto_msgs/msg/VscanTrackedArray.lisp
Symlinking /home/vincent/cnn_seg_lidar/devel/share/common-lisp/ros/rockauto_msgs/msg/_package_IndicatorCmd.lisp
Symlinking /home/vincent/cnn_seg_lidar/devel/share/common-lisp/ros/rockauto_msgs/msg/_package_ImageObjRanged.lisp
Symlinking /home/vincent/cnn_seg_lidar/devel/share/common-lisp/ros/rockauto_msgs/msg/IndicatorCmd.lisp
Symlinking /home/vincent/cnn_seg_lidar/devel/share/common-lisp/ros/rockauto_msgs/msg/PointsImage.lisp
Symlinking /home/vincent/cnn_seg_lidar/devel/share/common-lisp/ros/rockauto_msgs/msg/rockauto_msgs-msg.asd
Symlinking /home/vincent/cnn_seg_lidar/devel/share/common-lisp/ros/rockauto_msgs/msg/ImageObjRanged.lisp
Symlinking /home/vincent/cnn_seg_lidar/devel/share/common-lisp/ros/rockauto_msgs/msg/_package_BrakeCmd.lisp
Symlinking /home/vincent/cnn_seg_lidar/devel/share/common-lisp/ros/rockauto_msgs/msg/_package_ObjPose.lisp
Symlinking /home/vincent/cnn_seg_lidar/devel/share/common-lisp/ros/rockauto_msgs/msg/_package_ICPStat.lisp
Symlinking /home/vincent/cnn_seg_lidar/devel/share/rockauto_msgs/cmake/rockauto_msgsConfig.cmake
Symlinking /home/vincent/cnn_seg_lidar/devel/share/rockauto_msgs/cmake/rockauto_msgs-msg-extras.cmake
Symlinking /home/vincent/cnn_seg_lidar/devel/share/rockauto_msgs/cmake/rockauto_msgsConfig-version.cmake
Symlinking /home/vincent/cnn_seg_lidar/devel/share/rockauto_msgs/cmake/rockauto_msgs-msg-paths.cmake
Symlinking /home/vincent/cnn_seg_lidar/devel/share/gennodejs/ros/rockauto_msgs/_index.js
Symlinking /home/vincent/cnn_seg_lidar/devel/share/gennodejs/ros/rockauto_msgs/msg/AdjustXY.js
Symlinking /home/vincent/cnn_seg_lidar/devel/share/gennodejs/ros/rockauto_msgs/msg/ScanImage.js
Symlinking /home/vincent/cnn_seg_lidar/devel/share/gennodejs/ros/rockauto_msgs/msg/TrafficLightResult.js
Symlinking /home/vincent/cnn_seg_lidar/devel/share/gennodejs/ros/rockauto_msgs/msg/DetectedObjectArray.js
Symlinking /home/vincent/cnn_seg_lidar/devel/share/gennodejs/ros/rockauto_msgs/msg/StateCmd.js
Symlinking /home/vincent/cnn_seg_lidar/devel/share/gennodejs/ros/rockauto_msgs/msg/SyncTimeDiff.js
Symlinking /home/vincent/cnn_seg_lidar/devel/share/gennodejs/ros/rockauto_msgs/msg/ProjectionMatrix.js
Symlinking /home/vincent/cnn_seg_lidar/devel/share/gennodejs/ros/rockauto_msgs/msg/ICPStat.js
Symlinking /home/vincent/cnn_seg_lidar/devel/share/gennodejs/ros/rockauto_msgs/msg/CloudClusterArray.js
Symlinking /home/vincent/cnn_seg_lidar/devel/share/gennodejs/ros/rockauto_msgs/msg/Signals.js
Symlinking /home/vincent/cnn_seg_lidar/devel/share/gennodejs/ros/rockauto_msgs/msg/Lane.js
Symlinking /home/vincent/cnn_seg_lidar/devel/share/gennodejs/ros/rockauto_msgs/msg/LaneArray.js
Symlinking /home/vincent/cnn_seg_lidar/devel/share/gennodejs/ros/rockauto_msgs/msg/ObjLabel.js
Symlinking /home/vincent/cnn_seg_lidar/devel/share/gennodejs/ros/rockauto_msgs/msg/Waypoint.js
Symlinking /home/vincent/cnn_seg_lidar/devel/share/gennodejs/ros/rockauto_msgs/msg/CloudCluster.js
Symlinking /home/vincent/cnn_seg_lidar/devel/share/gennodejs/ros/rockauto_msgs/msg/ImageLaneObjects.js
Symlinking /home/vincent/cnn_seg_lidar/devel/share/gennodejs/ros/rockauto_msgs/msg/BrakeCmd.js
Symlinking /home/vincent/cnn_seg_lidar/devel/share/gennodejs/ros/rockauto_msgs/msg/PointsImage.js
Symlinking /home/vincent/cnn_seg_lidar/devel/share/gennodejs/ros/rockauto_msgs/msg/VehicleCmd.js
Symlinking /home/vincent/cnn_seg_lidar/devel/share/gennodejs/ros/rockauto_msgs/msg/DTLane.js
Symlinking /home/vincent/cnn_seg_lidar/devel/share/gennodejs/ros/rockauto_msgs/msg/ImageObjTracked.js
Symlinking /home/vincent/cnn_seg_lidar/devel/share/gennodejs/ros/rockauto_msgs/msg/SteerCmd.js
Symlinking /home/vincent/cnn_seg_lidar/devel/share/gennodejs/ros/rockauto_msgs/msg/TunedResult.js
Symlinking /home/vincent/cnn_seg_lidar/devel/share/gennodejs/ros/rockauto_msgs/msg/State.js
Symlinking /home/vincent/cnn_seg_lidar/devel/share/gennodejs/ros/rockauto_msgs/msg/ImageObjRanged.js
Symlinking /home/vincent/cnn_seg_lidar/devel/share/gennodejs/ros/rockauto_msgs/msg/NDTStat.js
Symlinking /home/vincent/cnn_seg_lidar/devel/share/gennodejs/ros/rockauto_msgs/msg/_index.js
Symlinking /home/vincent/cnn_seg_lidar/devel/share/gennodejs/ros/rockauto_msgs/msg/WaypointState.js
Symlinking /home/vincent/cnn_seg_lidar/devel/share/gennodejs/ros/rockauto_msgs/msg/VehicleStatus.js
Symlinking /home/vincent/cnn_seg_lidar/devel/share/gennodejs/ros/rockauto_msgs/msg/ValueSet.js
Symlinking /home/vincent/cnn_seg_lidar/devel/share/gennodejs/ros/rockauto_msgs/msg/ImageObj.js
Symlinking /home/vincent/cnn_seg_lidar/devel/share/gennodejs/ros/rockauto_msgs/msg/Centroids.js
Symlinking /home/vincent/cnn_seg_lidar/devel/share/gennodejs/ros/rockauto_msgs/msg/IndicatorCmd.js
Symlinking /home/vincent/cnn_seg_lidar/devel/share/gennodejs/ros/rockauto_msgs/msg/ImageRectRanged.js
Symlinking /home/vincent/cnn_seg_lidar/devel/share/gennodejs/ros/rockauto_msgs/msg/LampCmd.js
Symlinking /home/vincent/cnn_seg_lidar/devel/share/gennodejs/ros/rockauto_msgs/msg/ColorSet.js
Symlinking /home/vincent/cnn_seg_lidar/devel/share/gennodejs/ros/rockauto_msgs/msg/TrafficLight.js
Symlinking /home/vincent/cnn_seg_lidar/devel/share/gennodejs/ros/rockauto_msgs/msg/ExtractedPosition.js
Symlinking /home/vincent/cnn_seg_lidar/devel/share/gennodejs/ros/rockauto_msgs/msg/AccelCmd.js
Symlinking /home/vincent/cnn_seg_lidar/devel/share/gennodejs/ros/rockauto_msgs/msg/DetectedObject.js
Symlinking /home/vincent/cnn_seg_lidar/devel/share/gennodejs/ros/rockauto_msgs/msg/ImageRect.js
Symlinking /home/vincent/cnn_seg_lidar/devel/share/gennodejs/ros/rockauto_msgs/msg/TrafficLightResultArray.js
Symlinking /home/vincent/cnn_seg_lidar/devel/share/gennodejs/ros/rockauto_msgs/msg/RemoteCmd.js
Symlinking /home/vincent/cnn_seg_lidar/devel/share/gennodejs/ros/rockauto_msgs/msg/ImageObjects.js
Symlinking /home/vincent/cnn_seg_lidar/devel/share/gennodejs/ros/rockauto_msgs/msg/ObjPose.js
Symlinking /home/vincent/cnn_seg_lidar/devel/share/gennodejs/ros/rockauto_msgs/msg/ControlCommandStamped.js
Symlinking /home/vincent/cnn_seg_lidar/devel/share/gennodejs/ros/rockauto_msgs/msg/VscanTracked.js
Symlinking /home/vincent/cnn_seg_lidar/devel/share/gennodejs/ros/rockauto_msgs/msg/VscanTrackedArray.js
Symlinking /home/vincent/cnn_seg_lidar/devel/share/gennodejs/ros/rockauto_msgs/msg/GeometricRectangle.js
Symlinking /home/vincent/cnn_seg_lidar/devel/share/gennodejs/ros/rockauto_msgs/msg/SyncTimeMonitor.js
Symlinking /home/vincent/cnn_seg_lidar/devel/share/gennodejs/ros/rockauto_msgs/msg/ControlCommand.js
Symlinking /home/vincent/cnn_seg_lidar/devel/include/rockauto_msgs/DetectedObject.h
Symlinking /home/vincent/cnn_seg_lidar/devel/include/rockauto_msgs/ICPStat.h
Symlinking /home/vincent/cnn_seg_lidar/devel/include/rockauto_msgs/CloudCluster.h
Symlinking /home/vincent/cnn_seg_lidar/devel/include/rockauto_msgs/ImageRectRanged.h
Symlinking /home/vincent/cnn_seg_lidar/devel/include/rockauto_msgs/ImageObj.h
Symlinking /home/vincent/cnn_seg_lidar/devel/include/rockauto_msgs/AccelCmd.h
Symlinking /home/vincent/cnn_seg_lidar/devel/include/rockauto_msgs/ColorSet.h
Symlinking /home/vincent/cnn_seg_lidar/devel/include/rockauto_msgs/ValueSet.h
Symlinking /home/vincent/cnn_seg_lidar/devel/include/rockauto_msgs/Waypoint.h
Symlinking /home/vincent/cnn_seg_lidar/devel/include/rockauto_msgs/Centroids.h
Symlinking /home/vincent/cnn_seg_lidar/devel/include/rockauto_msgs/SteerCmd.h
Symlinking /home/vincent/cnn_seg_lidar/devel/include/rockauto_msgs/TrafficLight.h
Symlinking /home/vincent/cnn_seg_lidar/devel/include/rockauto_msgs/TrafficLightResult.h
Symlinking /home/vincent/cnn_seg_lidar/devel/include/rockauto_msgs/VehicleCmd.h
Symlinking /home/vincent/cnn_seg_lidar/devel/include/rockauto_msgs/VehicleStatus.h
Symlinking /home/vincent/cnn_seg_lidar/devel/include/rockauto_msgs/ControlCommand.h
Symlinking /home/vincent/cnn_seg_lidar/devel/include/rockauto_msgs/TrafficLightResultArray.h
Symlinking /home/vincent/cnn_seg_lidar/devel/include/rockauto_msgs/ObjPose.h
Symlinking /home/vincent/cnn_seg_lidar/devel/include/rockauto_msgs/GeometricRectangle.h
Symlinking /home/vincent/cnn_seg_lidar/devel/include/rockauto_msgs/RemoteCmd.h
Symlinking /home/vincent/cnn_seg_lidar/devel/include/rockauto_msgs/PointsImage.h
Symlinking /home/vincent/cnn_seg_lidar/devel/include/rockauto_msgs/NDTStat.h
Symlinking /home/vincent/cnn_seg_lidar/devel/include/rockauto_msgs/LaneArray.h
Symlinking /home/vincent/cnn_seg_lidar/devel/include/rockauto_msgs/DetectedObjectArray.h
Symlinking /home/vincent/cnn_seg_lidar/devel/include/rockauto_msgs/ImageObjRanged.h
Symlinking /home/vincent/cnn_seg_lidar/devel/include/rockauto_msgs/ControlCommandStamped.h
Symlinking /home/vincent/cnn_seg_lidar/devel/include/rockauto_msgs/LampCmd.h
Symlinking /home/vincent/cnn_seg_lidar/devel/include/rockauto_msgs/State.h
Symlinking /home/vincent/cnn_seg_lidar/devel/include/rockauto_msgs/ImageObjTracked.h
Symlinking /home/vincent/cnn_seg_lidar/devel/include/rockauto_msgs/ObjLabel.h
Symlinking /home/vincent/cnn_seg_lidar/devel/include/rockauto_msgs/Signals.h
Symlinking /home/vincent/cnn_seg_lidar/devel/include/rockauto_msgs/ExtractedPosition.h
Symlinking /home/vincent/cnn_seg_lidar/devel/include/rockauto_msgs/DTLane.h
Symlinking /home/vincent/cnn_seg_lidar/devel/include/rockauto_msgs/StateCmd.h
Symlinking /home/vincent/cnn_seg_lidar/devel/include/rockauto_msgs/Lane.h
Symlinking /home/vincent/cnn_seg_lidar/devel/include/rockauto_msgs/BrakeCmd.h
Symlinking /home/vincent/cnn_seg_lidar/devel/include/rockauto_msgs/WaypointState.h
Symlinking /home/vincent/cnn_seg_lidar/devel/include/rockauto_msgs/ImageRect.h
Symlinking /home/vincent/cnn_seg_lidar/devel/include/rockauto_msgs/VscanTrackedArray.h
Symlinking /home/vincent/cnn_seg_lidar/devel/include/rockauto_msgs/IndicatorCmd.h
Symlinking /home/vincent/cnn_seg_lidar/devel/include/rockauto_msgs/CloudClusterArray.h
Symlinking /home/vincent/cnn_seg_lidar/devel/include/rockauto_msgs/ImageLaneObjects.h
Symlinking /home/vincent/cnn_seg_lidar/devel/include/rockauto_msgs/ImageObjects.h
Symlinking /home/vincent/cnn_seg_lidar/devel/include/rockauto_msgs/SyncTimeDiff.h
Symlinking /home/vincent/cnn_seg_lidar/devel/include/rockauto_msgs/ProjectionMatrix.h
Symlinking /home/vincent/cnn_seg_lidar/devel/include/rockauto_msgs/ScanImage.h
Symlinking /home/vincent/cnn_seg_lidar/devel/include/rockauto_msgs/TunedResult.h
Symlinking /home/vincent/cnn_seg_lidar/devel/include/rockauto_msgs/VscanTracked.h
Symlinking /home/vincent/cnn_seg_lidar/devel/include/rockauto_msgs/SyncTimeMonitor.h
Symlinking /home/vincent/cnn_seg_lidar/devel/include/rockauto_msgs/AdjustXY.h
Symlinking /home/vincent/cnn_seg_lidar/devel/lib/python2.7/dist-packages/rockauto_msgs/__init__.py
Symlinking /home/vincent/cnn_seg_lidar/devel/lib/python2.7/dist-packages/rockauto_msgs/msg/_SteerCmd.py
Symlinking /home/vincent/cnn_seg_lidar/devel/lib/python2.7/dist-packages/rockauto_msgs/msg/_SyncTimeDiff.py
Symlinking /home/vincent/cnn_seg_lidar/devel/lib/python2.7/dist-packages/rockauto_msgs/msg/_ImageLaneObjects.py
Symlinking /home/vincent/cnn_seg_lidar/devel/lib/python2.7/dist-packages/rockauto_msgs/msg/_DetectedObjectArray.py
Symlinking /home/vincent/cnn_seg_lidar/devel/lib/python2.7/dist-packages/rockauto_msgs/msg/_CloudCluster.py
Symlinking /home/vincent/cnn_seg_lidar/devel/lib/python2.7/dist-packages/rockauto_msgs/msg/_ColorSet.py
Symlinking /home/vincent/cnn_seg_lidar/devel/lib/python2.7/dist-packages/rockauto_msgs/msg/_StateCmd.py
Symlinking /home/vincent/cnn_seg_lidar/devel/lib/python2.7/dist-packages/rockauto_msgs/msg/_ImageObjects.py
Symlinking /home/vincent/cnn_seg_lidar/devel/lib/python2.7/dist-packages/rockauto_msgs/msg/_ControlCommand.py
Symlinking /home/vincent/cnn_seg_lidar/devel/lib/python2.7/dist-packages/rockauto_msgs/msg/_Signals.py
Symlinking /home/vincent/cnn_seg_lidar/devel/lib/python2.7/dist-packages/rockauto_msgs/msg/_LampCmd.py
Symlinking /home/vincent/cnn_seg_lidar/devel/lib/python2.7/dist-packages/rockauto_msgs/msg/_GeometricRectangle.py
Symlinking /home/vincent/cnn_seg_lidar/devel/lib/python2.7/dist-packages/rockauto_msgs/msg/_TrafficLightResult.py
Symlinking /home/vincent/cnn_seg_lidar/devel/lib/python2.7/dist-packages/rockauto_msgs/msg/_ObjLabel.py
Symlinking /home/vincent/cnn_seg_lidar/devel/lib/python2.7/dist-packages/rockauto_msgs/msg/_ImageRect.py
Symlinking /home/vincent/cnn_seg_lidar/devel/lib/python2.7/dist-packages/rockauto_msgs/msg/_ControlCommandStamped.py
Symlinking /home/vincent/cnn_seg_lidar/devel/lib/python2.7/dist-packages/rockauto_msgs/msg/_ImageObjRanged.py
Symlinking /home/vincent/cnn_seg_lidar/devel/lib/python2.7/dist-packages/rockauto_msgs/msg/_RemoteCmd.py
Symlinking /home/vincent/cnn_seg_lidar/devel/lib/python2.7/dist-packages/rockauto_msgs/msg/_BrakeCmd.py
Symlinking /home/vincent/cnn_seg_lidar/devel/lib/python2.7/dist-packages/rockauto_msgs/msg/_TrafficLight.py
Symlinking /home/vincent/cnn_seg_lidar/devel/lib/python2.7/dist-packages/rockauto_msgs/msg/_VscanTracked.py
Symlinking /home/vincent/cnn_seg_lidar/devel/lib/python2.7/dist-packages/rockauto_msgs/msg/_TrafficLightResultArray.py
Symlinking /home/vincent/cnn_seg_lidar/devel/lib/python2.7/dist-packages/rockauto_msgs/msg/_LaneArray.py
Symlinking /home/vincent/cnn_seg_lidar/devel/lib/python2.7/dist-packages/rockauto_msgs/msg/_VscanTrackedArray.py
Symlinking /home/vincent/cnn_seg_lidar/devel/lib/python2.7/dist-packages/rockauto_msgs/msg/_DTLane.py
Symlinking /home/vincent/cnn_seg_lidar/devel/lib/python2.7/dist-packages/rockauto_msgs/msg/_ImageObj.py
Symlinking /home/vincent/cnn_seg_lidar/devel/lib/python2.7/dist-packages/rockauto_msgs/msg/_VehicleStatus.py
Symlinking /home/vincent/cnn_seg_lidar/devel/lib/python2.7/dist-packages/rockauto_msgs/msg/_AdjustXY.py
Symlinking /home/vincent/cnn_seg_lidar/devel/lib/python2.7/dist-packages/rockauto_msgs/msg/_ScanImage.py
Symlinking /home/vincent/cnn_seg_lidar/devel/lib/python2.7/dist-packages/rockauto_msgs/msg/_ProjectionMatrix.py
Symlinking /home/vincent/cnn_seg_lidar/devel/lib/python2.7/dist-packages/rockauto_msgs/msg/_ExtractedPosition.py
Symlinking /home/vincent/cnn_seg_lidar/devel/lib/python2.7/dist-packages/rockauto_msgs/msg/__init__.py
Symlinking /home/vincent/cnn_seg_lidar/devel/lib/python2.7/dist-packages/rockauto_msgs/msg/_Centroids.py
Symlinking /home/vincent/cnn_seg_lidar/devel/lib/python2.7/dist-packages/rockauto_msgs/msg/_IndicatorCmd.py
Symlinking /home/vincent/cnn_seg_lidar/devel/lib/python2.7/dist-packages/rockauto_msgs/msg/_TunedResult.py
Symlinking /home/vincent/cnn_seg_lidar/devel/lib/python2.7/dist-packages/rockauto_msgs/msg/_WaypointState.py
Symlinking /home/vincent/cnn_seg_lidar/devel/lib/python2.7/dist-packages/rockauto_msgs/msg/_ICPStat.py
Symlinking /home/vincent/cnn_seg_lidar/devel/lib/python2.7/dist-packages/rockauto_msgs/msg/_AccelCmd.py
Symlinking /home/vincent/cnn_seg_lidar/devel/lib/python2.7/dist-packages/rockauto_msgs/msg/_PointsImage.py
Symlinking /home/vincent/cnn_seg_lidar/devel/lib/python2.7/dist-packages/rockauto_msgs/msg/_ObjPose.py
Symlinking /home/vincent/cnn_seg_lidar/devel/lib/python2.7/dist-packages/rockauto_msgs/msg/_State.py
Symlinking /home/vincent/cnn_seg_lidar/devel/lib/python2.7/dist-packages/rockauto_msgs/msg/_ImageObjTracked.py
Symlinking /home/vincent/cnn_seg_lidar/devel/lib/python2.7/dist-packages/rockauto_msgs/msg/_CloudClusterArray.py
Symlinking /home/vincent/cnn_seg_lidar/devel/lib/python2.7/dist-packages/rockauto_msgs/msg/_ImageRectRanged.py
Symlinking /home/vincent/cnn_seg_lidar/devel/lib/python2.7/dist-packages/rockauto_msgs/msg/_DetectedObject.py
Symlinking /home/vincent/cnn_seg_lidar/devel/lib/python2.7/dist-packages/rockauto_msgs/msg/_Lane.py
Symlinking /home/vincent/cnn_seg_lidar/devel/lib/python2.7/dist-packages/rockauto_msgs/msg/_Waypoint.py
Symlinking /home/vincent/cnn_seg_lidar/devel/lib/python2.7/dist-packages/rockauto_msgs/msg/_NDTStat.py
Symlinking /home/vincent/cnn_seg_lidar/devel/lib/python2.7/dist-packages/rockauto_msgs/msg/_VehicleCmd.py
Symlinking /home/vincent/cnn_seg_lidar/devel/lib/python2.7/dist-packages/rockauto_msgs/msg/_ValueSet.py
Symlinking /home/vincent/cnn_seg_lidar/devel/lib/python2.7/dist-packages/rockauto_msgs/msg/_SyncTimeMonitor.py
Symlinking /home/vincent/cnn_seg_lidar/devel/lib/pkgconfig/rockauto_msgs.pc
