[  0%] Built target _rockauto_msgs_generate_messages_check_deps_ValueSet
[  0%] Built target _rockauto_msgs_generate_messages_check_deps_ImageRect
[  0%] Built target _rockauto_msgs_generate_messages_check_deps_LaneArray
[  0%] Built target _rockauto_msgs_generate_messages_check_deps_VehicleCmd
[  0%] Built target _rockauto_msgs_generate_messages_check_deps_TrafficLight
[  0%] Built target _rockauto_msgs_generate_messages_check_deps_Waypoint
[  0%] Built target geometry_msgs_generate_messages_nodejs
[  0%] Built target _rockauto_msgs_generate_messages_check_deps_ScanImage
[  0%] Built target _rockauto_msgs_generate_messages_check_deps_AccelCmd
[  0%] Built target _rockauto_msgs_generate_messages_check_deps_ICPStat
[  0%] Built target std_msgs_generate_messages_nodejs
[  0%] Built target _rockauto_msgs_generate_messages_check_deps_StateCmd
[  0%] Built target _rockauto_msgs_generate_messages_check_deps_VehicleStatus
[  0%] Built target _rockauto_msgs_generate_messages_check_deps_ImageLaneObjects
[  0%] Built target _rockauto_msgs_generate_messages_check_deps_ImageObjTracked
[  0%] Built target _rockauto_msgs_generate_messages_check_deps_LampCmd
[  0%] Built target _rockauto_msgs_generate_messages_check_deps_AdjustXY
[  0%] Built target _rockauto_msgs_generate_messages_check_deps_GeometricRectangle
[  0%] Built target _rockauto_msgs_generate_messages_check_deps_ImageObjRanged
[  0%] Built target _rockauto_msgs_generate_messages_check_deps_VscanTracked
[  0%] Built target _rockauto_msgs_generate_messages_check_deps_ImageRectRanged
[  0%] Built target _rockauto_msgs_generate_messages_check_deps_Lane
[  0%] Built target _rockauto_msgs_generate_messages_check_deps_DetectedObject
[  0%] Built target _rockauto_msgs_generate_messages_check_deps_SyncTimeDiff
[  0%] Built target _rockauto_msgs_generate_messages_check_deps_ProjectionMatrix
[  0%] Built target _rockauto_msgs_generate_messages_check_deps_CloudCluster
[  0%] Built target _rockauto_msgs_generate_messages_check_deps_DTLane
[  0%] Built target _rockauto_msgs_generate_messages_check_deps_ImageObjects
[  0%] Built target _rockauto_msgs_generate_messages_check_deps_ImageObj
[  0%] Built target _rockauto_msgs_generate_messages_check_deps_IndicatorCmd
[  0%] Built target _rockauto_msgs_generate_messages_check_deps_BrakeCmd
[  0%] Built target _rockauto_msgs_generate_messages_check_deps_SteerCmd
[  0%] Built target _rockauto_msgs_generate_messages_check_deps_Centroids
[  0%] Built target _rockauto_msgs_generate_messages_check_deps_TrafficLightResultArray
[  0%] Built target _rockauto_msgs_generate_messages_check_deps_ObjPose
[  0%] Built target _rockauto_msgs_generate_messages_check_deps_DetectedObjectArray
[  0%] Built target jsk_recognition_msgs_generate_messages_nodejs
[  0%] Built target _rockauto_msgs_generate_messages_check_deps_SyncTimeMonitor
[  0%] Built target _rockauto_msgs_generate_messages_check_deps_VscanTrackedArray
[  0%] Built target _rockauto_msgs_generate_messages_check_deps_Signals
[  0%] Built target _rockauto_msgs_generate_messages_check_deps_State
[  0%] Built target _rockauto_msgs_generate_messages_check_deps_ColorSet
[  0%] Built target _rockauto_msgs_generate_messages_check_deps_RemoteCmd
[  0%] Built target _rockauto_msgs_generate_messages_check_deps_ObjLabel
[  0%] Built target _rockauto_msgs_generate_messages_check_deps_NDTStat
[  0%] Built target _rockauto_msgs_generate_messages_check_deps_ControlCommand
[  0%] Built target _rockauto_msgs_generate_messages_check_deps_ExtractedPosition
[  0%] Built target _rockauto_msgs_generate_messages_check_deps_PointsImage
[  0%] Built target _rockauto_msgs_generate_messages_check_deps_TrafficLightResult
[  0%] Built target _rockauto_msgs_generate_messages_check_deps_CloudClusterArray
[  0%] Built target _rockauto_msgs_generate_messages_check_deps_TunedResult
[  0%] Built target sensor_msgs_generate_messages_nodejs
[  0%] Built target geometry_msgs_generate_messages_eus
[  0%] Built target std_msgs_generate_messages_eus
[  0%] Built target sensor_msgs_generate_messages_eus
[  0%] Built target jsk_recognition_msgs_generate_messages_eus
[  0%] Built target _rockauto_msgs_generate_messages_check_deps_ControlCommandStamped
[  0%] Built target _rockauto_msgs_generate_messages_check_deps_WaypointState
[  0%] Built target geometry_msgs_generate_messages_cpp
[  0%] Built target sensor_msgs_generate_messages_cpp
[  0%] Built target std_msgs_generate_messages_cpp
[  0%] Built target jsk_recognition_msgs_generate_messages_cpp
[  0%] Built target sensor_msgs_generate_messages_py
[  0%] Built target jsk_recognition_msgs_generate_messages_py
[  0%] Built target std_msgs_generate_messages_py
[  0%] Built target geometry_msgs_generate_messages_py
[  0%] Built target jsk_recognition_msgs_generate_messages_lisp
[  0%] Built target sensor_msgs_generate_messages_lisp
[  0%] Built target geometry_msgs_generate_messages_lisp
[  0%] Built target std_msgs_generate_messages_lisp
[ 28%] Built target rockauto_msgs_generate_messages_lisp
[ 82%] Built target rockauto_msgs_generate_messages_py
[ 82%] Built target rockauto_msgs_generate_messages_cpp
[ 88%] Built target rockauto_msgs_generate_messages_eus
[100%] Built target rockauto_msgs_generate_messages_nodejs
[100%] Built target rockauto_msgs_generate_messages
