[35m[1mScanning dependencies of target _rockauto_msgs_generate_messages_check_deps_WaypointState[0m
[35m[1mScanning dependencies of target _rockauto_msgs_generate_messages_check_deps_ValueSet[0m
[35m[1mScanning dependencies of target _rockauto_msgs_generate_messages_check_deps_ImageLaneObjects[0m
[35m[1mScanning dependencies of target _rockauto_msgs_generate_messages_check_deps_Lane[0m
[35m[1mScanning dependencies of target _rockauto_msgs_generate_messages_check_deps_VscanTrackedArray[0m
[35m[1mScanning dependencies of target _rockauto_msgs_generate_messages_check_deps_IndicatorCmd[0m
[  0%] Built target _rockauto_msgs_generate_messages_check_deps_ImageLaneObjects
[  0%] Built target _rockauto_msgs_generate_messages_check_deps_WaypointState
[  0%] Built target _rockauto_msgs_generate_messages_check_deps_IndicatorCmd
[  0%] Built target _rockauto_msgs_generate_messages_check_deps_Lane
[  0%] Built target _rockauto_msgs_generate_messages_check_deps_VscanTrackedArray
[  0%] Built target _rockauto_msgs_generate_messages_check_deps_ValueSet
[35m[1mScanning dependencies of target _rockauto_msgs_generate_messages_check_deps_AccelCmd[0m
[35m[1mScanning dependencies of target _rockauto_msgs_generate_messages_check_deps_Centroids[0m
[35m[1mScanning dependencies of target _rockauto_msgs_generate_messages_check_deps_SyncTimeDiff[0m
[35m[1mScanning dependencies of target _rockauto_msgs_generate_messages_check_deps_GeometricRectangle[0m
[35m[1mScanning dependencies of target _rockauto_msgs_generate_messages_check_deps_StateCmd[0m
[35m[1mScanning dependencies of target _rockauto_msgs_generate_messages_check_deps_VehicleStatus[0m
[  0%] Built target _rockauto_msgs_generate_messages_check_deps_Centroids
[  0%] Built target _rockauto_msgs_generate_messages_check_deps_VehicleStatus
[  0%] Built target _rockauto_msgs_generate_messages_check_deps_StateCmd
[  0%] Built target _rockauto_msgs_generate_messages_check_deps_GeometricRectangle
[  0%] Built target _rockauto_msgs_generate_messages_check_deps_SyncTimeDiff
[  0%] Built target _rockauto_msgs_generate_messages_check_deps_AccelCmd
[35m[1mScanning dependencies of target _rockauto_msgs_generate_messages_check_deps_ControlCommandStamped[0m
[35m[1mScanning dependencies of target _rockauto_msgs_generate_messages_check_deps_VehicleCmd[0m
[35m[1mScanning dependencies of target _rockauto_msgs_generate_messages_check_deps_AdjustXY[0m
[35m[1mScanning dependencies of target _rockauto_msgs_generate_messages_check_deps_TunedResult[0m
[35m[1mScanning dependencies of target jsk_recognition_msgs_generate_messages_cpp[0m
[35m[1mScanning dependencies of target _rockauto_msgs_generate_messages_check_deps_TrafficLightResultArray[0m
[  0%] Built target jsk_recognition_msgs_generate_messages_cpp
[35m[1mScanning dependencies of target sensor_msgs_generate_messages_cpp[0m
[  0%] Built target _rockauto_msgs_generate_messages_check_deps_ControlCommandStamped
[  0%] Built target _rockauto_msgs_generate_messages_check_deps_AdjustXY
[  0%] Built target _rockauto_msgs_generate_messages_check_deps_VehicleCmd
[35m[1mScanning dependencies of target _rockauto_msgs_generate_messages_check_deps_DetectedObjectArray[0m
[  0%] Built target _rockauto_msgs_generate_messages_check_deps_TunedResult
[  0%] Built target sensor_msgs_generate_messages_cpp
[35m[1mScanning dependencies of target _rockauto_msgs_generate_messages_check_deps_SteerCmd[0m
[35m[1mScanning dependencies of target _rockauto_msgs_generate_messages_check_deps_CloudClusterArray[0m
[35m[1mScanning dependencies of target geometry_msgs_generate_messages_cpp[0m
[35m[1mScanning dependencies of target std_msgs_generate_messages_cpp[0m
[  0%] Built target geometry_msgs_generate_messages_cpp
[  0%] Built target _rockauto_msgs_generate_messages_check_deps_TrafficLightResultArray
[35m[1mScanning dependencies of target _rockauto_msgs_generate_messages_check_deps_ControlCommand[0m
[  0%] Built target std_msgs_generate_messages_cpp
[35m[1mScanning dependencies of target _rockauto_msgs_generate_messages_check_deps_ScanImage[0m
[35m[1mScanning dependencies of target _rockauto_msgs_generate_messages_check_deps_ImageObj[0m
[  0%] Built target _rockauto_msgs_generate_messages_check_deps_SteerCmd
[  0%] Built target _rockauto_msgs_generate_messages_check_deps_DetectedObjectArray
[35m[1mScanning dependencies of target _rockauto_msgs_generate_messages_check_deps_SyncTimeMonitor[0m
[35m[1mScanning dependencies of target _rockauto_msgs_generate_messages_check_deps_BrakeCmd[0m
[  0%] Built target _rockauto_msgs_generate_messages_check_deps_CloudClusterArray
[35m[1mScanning dependencies of target _rockauto_msgs_generate_messages_check_deps_DTLane[0m
[  0%] Built target _rockauto_msgs_generate_messages_check_deps_ScanImage
[  0%] Built target _rockauto_msgs_generate_messages_check_deps_ControlCommand
[35m[1mScanning dependencies of target _rockauto_msgs_generate_messages_check_deps_DetectedObject[0m
[  0%] Built target _rockauto_msgs_generate_messages_check_deps_ImageObj
[35m[1mScanning dependencies of target _rockauto_msgs_generate_messages_check_deps_ImageObjRanged[0m
[35m[1mScanning dependencies of target _rockauto_msgs_generate_messages_check_deps_ICPStat[0m
[  0%] Built target _rockauto_msgs_generate_messages_check_deps_SyncTimeMonitor
[  0%] Built target _rockauto_msgs_generate_messages_check_deps_BrakeCmd
[35m[1mScanning dependencies of target _rockauto_msgs_generate_messages_check_deps_ColorSet[0m
[35m[1mScanning dependencies of target _rockauto_msgs_generate_messages_check_deps_RemoteCmd[0m
[  0%] Built target _rockauto_msgs_generate_messages_check_deps_DTLane
[35m[1mScanning dependencies of target _rockauto_msgs_generate_messages_check_deps_ImageRectRanged[0m
[  0%] Built target _rockauto_msgs_generate_messages_check_deps_DetectedObject
[  0%] Built target _rockauto_msgs_generate_messages_check_deps_ICPStat
[35m[1mScanning dependencies of target _rockauto_msgs_generate_messages_check_deps_NDTStat[0m
[  0%] Built target _rockauto_msgs_generate_messages_check_deps_ImageObjRanged
[35m[1mScanning dependencies of target _rockauto_msgs_generate_messages_check_deps_LaneArray[0m
[  0%] Built target _rockauto_msgs_generate_messages_check_deps_ColorSet
[35m[1mScanning dependencies of target _rockauto_msgs_generate_messages_check_deps_ExtractedPosition[0m
[35m[1mScanning dependencies of target _rockauto_msgs_generate_messages_check_deps_State[0m
[  0%] Built target _rockauto_msgs_generate_messages_check_deps_RemoteCmd
[  0%] Built target _rockauto_msgs_generate_messages_check_deps_ImageRectRanged
[35m[1mScanning dependencies of target _rockauto_msgs_generate_messages_check_deps_VscanTracked[0m
[35m[1mScanning dependencies of target _rockauto_msgs_generate_messages_check_deps_Signals[0m
[  0%] Built target _rockauto_msgs_generate_messages_check_deps_NDTStat
[  0%] Built target _rockauto_msgs_generate_messages_check_deps_ExtractedPosition
[35m[1mScanning dependencies of target _rockauto_msgs_generate_messages_check_deps_ImageRect[0m
[  0%] Built target _rockauto_msgs_generate_messages_check_deps_LaneArray
[  0%] Built target _rockauto_msgs_generate_messages_check_deps_State
[35m[1mScanning dependencies of target _rockauto_msgs_generate_messages_check_deps_Waypoint[0m
[35m[1mScanning dependencies of target _rockauto_msgs_generate_messages_check_deps_PointsImage[0m
[35m[1mScanning dependencies of target _rockauto_msgs_generate_messages_check_deps_LampCmd[0m
[  0%] Built target _rockauto_msgs_generate_messages_check_deps_VscanTracked
[  0%] Built target _rockauto_msgs_generate_messages_check_deps_Signals
[35m[1mScanning dependencies of target _rockauto_msgs_generate_messages_check_deps_ObjLabel[0m
[35m[1mScanning dependencies of target _rockauto_msgs_generate_messages_check_deps_ImageObjTracked[0m
[  0%] Built target _rockauto_msgs_generate_messages_check_deps_ImageRect
[35m[1mScanning dependencies of target _rockauto_msgs_generate_messages_check_deps_TrafficLightResult[0m
[  0%] Built target _rockauto_msgs_generate_messages_check_deps_Waypoint
[  0%] Built target _rockauto_msgs_generate_messages_check_deps_LampCmd
[  0%] Built target _rockauto_msgs_generate_messages_check_deps_PointsImage
[35m[1mScanning dependencies of target _rockauto_msgs_generate_messages_check_deps_ProjectionMatrix[0m
[35m[1mScanning dependencies of target _rockauto_msgs_generate_messages_check_deps_ImageObjects[0m
[35m[1mScanning dependencies of target _rockauto_msgs_generate_messages_check_deps_CloudCluster[0m
[  0%] Built target _rockauto_msgs_generate_messages_check_deps_ObjLabel
[  0%] Built target _rockauto_msgs_generate_messages_check_deps_ImageObjTracked
[35m[1mScanning dependencies of target _rockauto_msgs_generate_messages_check_deps_TrafficLight[0m
[35m[1mScanning dependencies of target _rockauto_msgs_generate_messages_check_deps_ObjPose[0m
[  0%] Built target _rockauto_msgs_generate_messages_check_deps_TrafficLightResult
[35m[1mScanning dependencies of target sensor_msgs_generate_messages_lisp[0m
[  0%] Built target _rockauto_msgs_generate_messages_check_deps_ProjectionMatrix
[  0%] Built target _rockauto_msgs_generate_messages_check_deps_ImageObjects
[  0%] Built target _rockauto_msgs_generate_messages_check_deps_CloudCluster
[35m[1mScanning dependencies of target jsk_recognition_msgs_generate_messages_lisp[0m
[  0%] Built target sensor_msgs_generate_messages_lisp
[35m[1mScanning dependencies of target std_msgs_generate_messages_lisp[0m
[35m[1mScanning dependencies of target geometry_msgs_generate_messages_lisp[0m
[35m[1mScanning dependencies of target jsk_recognition_msgs_generate_messages_nodejs[0m
[  0%] Built target jsk_recognition_msgs_generate_messages_lisp
[  0%] Built target std_msgs_generate_messages_lisp
[  0%] Built target geometry_msgs_generate_messages_lisp
[  0%] Built target jsk_recognition_msgs_generate_messages_nodejs
[35m[1mScanning dependencies of target std_msgs_generate_messages_nodejs[0m
[  0%] Built target _rockauto_msgs_generate_messages_check_deps_TrafficLight
[35m[1mScanning dependencies of target geometry_msgs_generate_messages_nodejs[0m
[35m[1mScanning dependencies of target sensor_msgs_generate_messages_nodejs[0m
[35m[1mScanning dependencies of target sensor_msgs_generate_messages_eus[0m
[  0%] Built target std_msgs_generate_messages_nodejs
[35m[1mScanning dependencies of target jsk_recognition_msgs_generate_messages_eus[0m
[  0%] Built target sensor_msgs_generate_messages_nodejs
[  0%] Built target _rockauto_msgs_generate_messages_check_deps_ObjPose
[  0%] Built target geometry_msgs_generate_messages_nodejs
[  0%] Built target sensor_msgs_generate_messages_eus
[  0%] Built target jsk_recognition_msgs_generate_messages_eus
[35m[1mScanning dependencies of target geometry_msgs_generate_messages_eus[0m
[35m[1mScanning dependencies of target std_msgs_generate_messages_eus[0m
[35m[1mScanning dependencies of target sensor_msgs_generate_messages_py[0m
[35m[1mScanning dependencies of target jsk_recognition_msgs_generate_messages_py[0m
[  0%] Built target geometry_msgs_generate_messages_eus
[35m[1mScanning dependencies of target geometry_msgs_generate_messages_py[0m
[  0%] Built target std_msgs_generate_messages_eus
[35m[1mScanning dependencies of target std_msgs_generate_messages_py[0m
[  0%] Built target jsk_recognition_msgs_generate_messages_py
[  0%] Built target sensor_msgs_generate_messages_py
[  0%] Built target geometry_msgs_generate_messages_py
[  0%] Built target std_msgs_generate_messages_py
[35m[1mScanning dependencies of target rockauto_msgs_generate_messages_cpp[0m
[35m[1mScanning dependencies of target rockauto_msgs_generate_messages_nodejs[0m
[35m[1mScanning dependencies of target rockauto_msgs_generate_messages_eus[0m
[35m[1mScanning dependencies of target rockauto_msgs_generate_messages_lisp[0m
[35m[1mScanning dependencies of target rockauto_msgs_generate_messages_py[0m
[ 19%] Built target rockauto_msgs_generate_messages_cpp
[ 72%] Built target rockauto_msgs_generate_messages_nodejs
[ 78%] Built target rockauto_msgs_generate_messages_lisp
[ 79%] Built target rockauto_msgs_generate_messages_eus
[100%] Built target rockauto_msgs_generate_messages_py
[35m[1mScanning dependencies of target rockauto_msgs_generate_messages[0m
[100%] Built target rockauto_msgs_generate_messages
