[  0%] Built target sensor_msgs_generate_messages_nodejs
[  0%] Built target actionlib_msgs_generate_messages_lisp
[  0%] Built target actionlib_msgs_generate_messages_eus
[  0%] Built target actionlib_msgs_generate_messages_cpp
[  0%] Built target jsk_footstep_msgs_generate_messages_lisp
[  0%] Built target actionlib_msgs_generate_messages_py
[  0%] Built target jsk_footstep_msgs_generate_messages_eus
[  0%] Built target jsk_recognition_msgs_generate_messages_py
[  0%] Built target jsk_recognition_msgs_generate_messages_lisp
[  0%] Built target jsk_recognition_msgs_generate_messages_eus
[  0%] Built target pcl_msgs_generate_messages_py
[  0%] Built target rosgraph_msgs_generate_messages_py
[  0%] Built target pcl_msgs_generate_messages_nodejs
[  0%] Built target pcl_msgs_generate_messages_lisp
[  0%] Built target pcl_msgs_generate_messages_eus
[  0%] Built target pcl_msgs_generate_messages_cpp
[  0%] Built target std_msgs_generate_messages_eus
[  0%] Built target rosgraph_msgs_generate_messages_lisp
[  0%] Built target jsk_recognition_msgs_generate_messages_nodejs
[  0%] Built target rosgraph_msgs_generate_messages_eus
[  0%] Built target rosgraph_msgs_generate_messages_cpp
[  0%] Built target roscpp_generate_messages_py
[  0%] Built target geometry_msgs_generate_messages_eus
[  0%] Built target std_msgs_generate_messages_py
[  0%] Built target roscpp_generate_messages_nodejs
[  0%] Built target roscpp_generate_messages_eus
[  0%] Built target roscpp_generate_messages_lisp
[  0%] Built target jsk_footstep_msgs_generate_messages_py
[  0%] Built target actionlib_msgs_generate_messages_nodejs
[  0%] Built target std_msgs_generate_messages_cpp
[  0%] Built target rockauto_msgs_generate_messages_lisp
[  0%] Built target geometry_msgs_generate_messages_nodejs
[  0%] Built target rosgraph_msgs_generate_messages_nodejs
[  0%] Built target rockauto_msgs_generate_messages_nodejs
[  0%] Built target sensor_msgs_generate_messages_py
[  0%] Built target std_msgs_generate_messages_lisp
[  0%] Built target sensor_msgs_generate_messages_cpp
[  0%] Built target sensor_msgs_generate_messages_eus
[  0%] Built target std_msgs_generate_messages_nodejs
[  0%] Built target jsk_footstep_msgs_generate_messages_nodejs
[  0%] Built target rockauto_msgs_generate_messages_cpp
[  0%] Built target rockauto_msgs_generate_messages_eus
[  0%] Built target rockauto_msgs_generate_messages_py
[  0%] Built target geometry_msgs_generate_messages_cpp
[  0%] Built target geometry_msgs_generate_messages_lisp
[  0%] Built target jsk_footstep_msgs_generate_messages_cpp
[  0%] Built target geometry_msgs_generate_messages_py
[  0%] Built target sensor_msgs_generate_messages_lisp
[  0%] Built target jsk_recognition_msgs_generate_messages_cpp
[  0%] Built target roscpp_generate_messages_cpp
[100%] Built target amathutils_lib
