[  0%] Built target std_srvs_generate_messages_py
[  0%] Built target jsk_footstep_msgs_generate_messages_py
[  0%] Built target jsk_footstep_msgs_generate_messages_nodejs
[  0%] Built target jsk_footstep_msgs_generate_messages_eus
[  0%] Built target jsk_footstep_msgs_generate_messages_lisp
[  0%] Built target jsk_recognition_msgs_generate_messages_py
[  0%] Built target jsk_recognition_msgs_generate_messages_lisp
[  0%] Built target jsk_recognition_msgs_generate_messages_eus
[  0%] Built target rockauto_msgs_generate_messages_nodejs
[  0%] Built target rockauto_msgs_generate_messages_eus
[  0%] Built target rockauto_msgs_generate_messages_cpp
[  0%] Built target topic_tools_generate_messages_nodejs
[  0%] Built target jsk_recognition_msgs_generate_messages_cpp
[  0%] Built target topic_tools_generate_messages_lisp
[  0%] Built target topic_tools_generate_messages_cpp
[  0%] Built target topic_tools_generate_messages_eus
[  0%] Built target sensor_msgs_generate_messages_nodejs
[  0%] Built target sensor_msgs_generate_messages_lisp
[  0%] Built target actionlib_generate_messages_cpp
[  0%] Built target roscpp_generate_messages_cpp
[  0%] Built target geometry_msgs_generate_messages_py
[  0%] Built target std_msgs_generate_messages_nodejs
[  0%] Built target geometry_msgs_generate_messages_lisp
[  0%] Built target bond_generate_messages_lisp
[  0%] Built target sensor_msgs_generate_messages_eus
[  0%] Built target sensor_msgs_generate_messages_cpp
[  0%] Built target tf_generate_messages_nodejs
[  0%] Built target std_msgs_generate_messages_cpp
[  0%] Built target sensor_msgs_generate_messages_py
[  0%] Built target nodelet_generate_messages_py
[  0%] Built target geometry_msgs_generate_messages_nodejs
[  0%] Built target tf_generate_messages_lisp
[  0%] Built target jsk_recognition_msgs_generate_messages_nodejs
[  0%] Built target roscpp_generate_messages_lisp
[  0%] Built target std_srvs_generate_messages_eus
[  0%] Built target bond_generate_messages_eus
[  0%] Built target rockauto_msgs_generate_messages_lisp
[  0%] Built target std_msgs_generate_messages_lisp
[  0%] Built target roscpp_generate_messages_nodejs
[  0%] Built target geometry_msgs_generate_messages_eus
[  0%] Built target std_msgs_generate_messages_py
[  0%] Built target roscpp_generate_messages_py
[  0%] Built target rosgraph_msgs_generate_messages_cpp
[  0%] Built target tf_generate_messages_py
[  0%] Built target dynamic_reconfigure_generate_messages_cpp
[  0%] Built target bond_generate_messages_cpp
[  0%] Built target rosgraph_msgs_generate_messages_eus
[  0%] Built target rosgraph_msgs_generate_messages_lisp
[  0%] Built target std_msgs_generate_messages_eus
[  0%] Built target rockauto_msgs_generate_messages_py
[  0%] Built target rosgraph_msgs_generate_messages_nodejs
[  0%] Built target geometry_msgs_generate_messages_cpp
[  0%] Built target actionlib_generate_messages_lisp
[  0%] Built target bond_generate_messages_py
[  0%] Built target nodelet_generate_messages_cpp
[  0%] Built target std_srvs_generate_messages_nodejs
[  0%] Built target pcl_ros_gencfg
[  0%] Built target tf_generate_messages_eus
[  0%] Built target jsk_footstep_msgs_generate_messages_cpp
[  0%] Built target actionlib_msgs_generate_messages_cpp
[  0%] Built target std_srvs_generate_messages_cpp
[  0%] Built target roscpp_generate_messages_eus
[  0%] Built target rosgraph_msgs_generate_messages_py
[  0%] Built target actionlib_msgs_generate_messages_eus
[  0%] Built target actionlib_msgs_generate_messages_lisp
[  0%] Built target nodelet_generate_messages_lisp
[  0%] Built target actionlib_msgs_generate_messages_py
[  0%] Built target tf2_msgs_generate_messages_cpp
[  0%] Built target tf2_msgs_generate_messages_eus
[  0%] Built target actionlib_generate_messages_py
[  0%] Built target tf2_msgs_generate_messages_py
[  0%] Built target tf2_msgs_generate_messages_nodejs
[  0%] Built target dynamic_reconfigure_generate_messages_eus
[  0%] Built target dynamic_reconfigure_generate_messages_lisp
[  0%] Built target pcl_msgs_generate_messages_cpp
[  0%] Built target dynamic_reconfigure_generate_messages_nodejs
[  0%] Built target dynamic_reconfigure_generate_messages_py
[  0%] Built target tf2_msgs_generate_messages_lisp
[  0%] Built target dynamic_reconfigure_gencfg
[  0%] Built target nodelet_generate_messages_eus
[  0%] Built target nodelet_generate_messages_nodejs
[  0%] Built target pcl_msgs_generate_messages_nodejs
[  0%] Built target bond_generate_messages_nodejs
[  0%] Built target topic_tools_generate_messages_py
[  0%] Built target actionlib_msgs_generate_messages_nodejs
[  0%] Built target nodelet_topic_tools_gencfg
[  0%] Built target std_srvs_generate_messages_lisp
[  0%] Built target pcl_msgs_generate_messages_eus
[  0%] Built target tf_generate_messages_cpp
[  0%] Built target actionlib_generate_messages_nodejs
[  0%] Built target pcl_msgs_generate_messages_lisp
[  0%] Built target actionlib_generate_messages_eus
[  0%] Built target pcl_msgs_generate_messages_py
[ 20%] [32m[1mLinking CXX executable /home/vincent/cnn_seg_lidar/devel/.private/lidar_cnn_seg_detect/lib/lidar_cnn_seg_detect/lidar_cnn_seg_detect[0m
/usr/bin/ld: warning: libcudart.so.10.2, needed by /home/vincent/caffe/distribute/lib/libcaffe.so, not found (try using -rpath or -rpath-link)
/usr/bin/ld: warning: libcublas.so.10, needed by /home/vincent/caffe/distribute/lib/libcaffe.so, not found (try using -rpath or -rpath-link)
/usr/bin/ld: warning: libcurand.so.10, needed by /home/vincent/caffe/distribute/lib/libcaffe.so, not found (try using -rpath or -rpath-link)
/home/vincent/caffe/distribute/lib/libcaffe.so: undefined reference to `curandGenerateNormal@libcurand.so.10'
/home/vincent/caffe/distribute/lib/libcaffe.so: undefined reference to `cublasSetStream_v2@libcublas.so.10'
/home/vincent/caffe/distribute/lib/libcaffe.so: undefined reference to `curandGenerateUniformDouble@libcurand.so.10'
/home/vincent/caffe/distribute/lib/libcaffe.so: undefined reference to `cudaFreeHost@libcudart.so.10.2'
/home/vincent/caffe/distribute/lib/libcaffe.so: undefined reference to `cudaFree@libcudart.so.10.2'
/home/vincent/caffe/distribute/lib/libcaffe.so: undefined reference to `cudaGetDevice@libcudart.so.10.2'
/home/vincent/caffe/distribute/lib/libcaffe.so: undefined reference to `cudaEventSynchronize@libcudart.so.10.2'
/home/vincent/caffe/distribute/lib/libcaffe.so: undefined reference to `cublasSgemm_v2@libcublas.so.10'
/home/vincent/caffe/distribute/lib/libcaffe.so: undefined reference to `cudaEventRecord@libcudart.so.10.2'
/home/vincent/caffe/distribute/lib/libcaffe.so: undefined reference to `cublasCreate_v2@libcublas.so.10'
/home/vincent/caffe/distribute/lib/libcaffe.so: undefined reference to `cublasDasum_v2@libcublas.so.10'
/home/vincent/caffe/distribute/lib/libcaffe.so: undefined reference to `curandCreateGenerator@libcurand.so.10'
/home/vincent/caffe/distribute/lib/libcaffe.so: undefined reference to `cublasDaxpy_v2@libcublas.so.10'
/home/vincent/caffe/distribute/lib/libcaffe.so: undefined reference to `cublasDgemv_v2@libcublas.so.10'
/home/vincent/caffe/distribute/lib/libcaffe.so: undefined reference to `cublasDcopy_v2@libcublas.so.10'
/home/vincent/caffe/distribute/lib/libcaffe.so: undefined reference to `curandGenerateUniform@libcurand.so.10'
/home/vincent/caffe/distribute/lib/libcaffe.so: undefined reference to `__cudaRegisterFunction@libcudart.so.10.2'
/home/vincent/caffe/distribute/lib/libcaffe.so: undefined reference to `cudaMallocHost@libcudart.so.10.2'
/home/vincent/caffe/distribute/lib/libcaffe.so: undefined reference to `cudaGetErrorString@libcudart.so.10.2'
/home/vincent/caffe/distribute/lib/libcaffe.so: undefined reference to `cudaGetDeviceProperties@libcudart.so.10.2'
/home/vincent/caffe/distribute/lib/libcaffe.so: undefined reference to `__cudaRegisterFatBinary@libcudart.so.10.2'
/home/vincent/caffe/distribute/lib/libcaffe.so: undefined reference to `cudaMemset@libcudart.so.10.2'
/home/vincent/caffe/distribute/lib/libcaffe.so: undefined reference to `cublasSasum_v2@libcublas.so.10'
/home/vincent/caffe/distribute/lib/libcaffe.so: undefined reference to `cudaGetDeviceCount@libcudart.so.10.2'
/home/vincent/caffe/distribute/lib/libcaffe.so: undefined reference to `cudaLaunchKernel@libcudart.so.10.2'
/home/vincent/caffe/distribute/lib/libcaffe.so: undefined reference to `cublasDdot_v2@libcublas.so.10'
/home/vincent/caffe/distribute/lib/libcaffe.so: undefined reference to `cudaMemcpy@libcudart.so.10.2'
/home/vincent/caffe/distribute/lib/libcaffe.so: undefined reference to `cudaStreamSynchronize@libcudart.so.10.2'
/home/vincent/caffe/distribute/lib/libcaffe.so: undefined reference to `__cudaPushCallConfiguration@libcudart.so.10.2'
/home/vincent/caffe/distribute/lib/libcaffe.so: undefined reference to `cudaPeekAtLastError@libcudart.so.10.2'
/home/vincent/caffe/distribute/lib/libcaffe.so: undefined reference to `__cudaPopCallConfiguration@libcudart.so.10.2'
/home/vincent/caffe/distribute/lib/libcaffe.so: undefined reference to `cublasSscal_v2@libcublas.so.10'
/home/vincent/caffe/distribute/lib/libcaffe.so: undefined reference to `cublasSaxpy_v2@libcublas.so.10'
/home/vincent/caffe/distribute/lib/libcaffe.so: undefined reference to `curandGenerate@libcurand.so.10'
/home/vincent/caffe/distribute/lib/libcaffe.so: undefined reference to `cudaStreamCreateWithFlags@libcudart.so.10.2'
/home/vincent/caffe/distribute/lib/libcaffe.so: undefined reference to `cudaStreamDestroy@libcudart.so.10.2'
/home/vincent/caffe/distribute/lib/libcaffe.so: undefined reference to `cudaEventDestroy@libcudart.so.10.2'
/home/vincent/caffe/distribute/lib/libcaffe.so: undefined reference to `cudaEventCreate@libcudart.so.10.2'
/home/vincent/caffe/distribute/lib/libcaffe.so: undefined reference to `cublasScopy_v2@libcublas.so.10'
/home/vincent/caffe/distribute/lib/libcaffe.so: undefined reference to `cudaEventElapsedTime@libcudart.so.10.2'
/home/vincent/caffe/distribute/lib/libcaffe.so: undefined reference to `curandDestroyGenerator@libcurand.so.10'
/home/vincent/caffe/distribute/lib/libcaffe.so: undefined reference to `cublasDestroy_v2@libcublas.so.10'
/home/vincent/caffe/distribute/lib/libcaffe.so: undefined reference to `cublasSdot_v2@libcublas.so.10'
/home/vincent/caffe/distribute/lib/libcaffe.so: undefined reference to `cudaMalloc@libcudart.so.10.2'
/home/vincent/caffe/distribute/lib/libcaffe.so: undefined reference to `cudaMemcpyAsync@libcudart.so.10.2'
/home/vincent/caffe/distribute/lib/libcaffe.so: undefined reference to `cudaGetLastError@libcudart.so.10.2'
/home/vincent/caffe/distribute/lib/libcaffe.so: undefined reference to `__cudaUnregisterFatBinary@libcudart.so.10.2'
/home/vincent/caffe/distribute/lib/libcaffe.so: undefined reference to `curandSetPseudoRandomGeneratorSeed@libcurand.so.10'
/home/vincent/caffe/distribute/lib/libcaffe.so: undefined reference to `__cudaRegisterVar@libcudart.so.10.2'
/home/vincent/caffe/distribute/lib/libcaffe.so: undefined reference to `cublasDgemm_v2@libcublas.so.10'
/home/vincent/caffe/distribute/lib/libcaffe.so: undefined reference to `cublasSgemv_v2@libcublas.so.10'
/home/vincent/caffe/distribute/lib/libcaffe.so: undefined reference to `__cudaRegisterFatBinaryEnd@libcudart.so.10.2'
/home/vincent/caffe/distribute/lib/libcaffe.so: undefined reference to `cublasGetStream_v2@libcublas.so.10'
/home/vincent/caffe/distribute/lib/libcaffe.so: undefined reference to `curandGenerateNormalDouble@libcurand.so.10'
/home/vincent/caffe/distribute/lib/libcaffe.so: undefined reference to `curandSetGeneratorOffset@libcurand.so.10'
/home/vincent/caffe/distribute/lib/libcaffe.so: undefined reference to `cublasDscal_v2@libcublas.so.10'
/home/vincent/caffe/distribute/lib/libcaffe.so: undefined reference to `cudaSetDevice@libcudart.so.10.2'
collect2: error: ld returned 1 exit status
CMakeFiles/lidar_cnn_seg_detect.dir/build.make:413: recipe for target '/home/vincent/cnn_seg_lidar/devel/.private/lidar_cnn_seg_detect/lib/lidar_cnn_seg_detect/lidar_cnn_seg_detect' failed
make[2]: *** [/home/vincent/cnn_seg_lidar/devel/.private/lidar_cnn_seg_detect/lib/lidar_cnn_seg_detect/lidar_cnn_seg_detect] Error 1
CMakeFiles/Makefile2:1289: recipe for target 'CMakeFiles/lidar_cnn_seg_detect.dir/all' failed
make[1]: *** [CMakeFiles/lidar_cnn_seg_detect.dir/all] Error 2
Makefile:160: recipe for target 'all' failed
make: *** [all] Error 2
